[ 2016-04-04T00:10:12+08:00 ] ::1 /index.php/Home/Exam/setproblem/21
INFO: [ app_init ] --START--
INFO: Run Behavior\BuildLiteBehavior [ RunTime:0.000000s ]
INFO: [ app_init ] --END-- [ RunTime:0.001954s ]

[ 2016-04-04T00:10:31+08:00 ] ::1 /index.php/Home/Exam/addexamproblem.html
INFO: [ app_init ] --START--
INFO: Run Behavior\BuildLiteBehavior [ RunTime:0.000000s ]
INFO: [ app_init ] --END-- [ RunTime:0.001953s ]

[ 2016-04-04T00:17:09+08:00 ] ::1 /index.php/Home/Exam/setproblem/20
INFO: [ app_init ] --START--
INFO: Run Behavior\BuildLiteBehavior [ RunTime:0.000000s ]
INFO: [ app_init ] --END-- [ RunTime:0.000976s ]

[ 2016-04-04T00:17:21+08:00 ] ::1 /index.php/Home/Exam/addexamproblem.html
INFO: [ app_init ] --START--
INFO: Run Behavior\BuildLiteBehavior [ RunTime:0.000000s ]
INFO: [ app_init ] --END-- [ RunTime:0.000977s ]

[ 2016-04-04T00:18:47+08:00 ] ::1 /index.php/Home/Exam/setproblem/19
INFO: [ app_init ] --START--
INFO: Run Behavior\BuildLiteBehavior [ RunTime:0.000000s ]
INFO: [ app_init ] --END-- [ RunTime:0.000976s ]

[ 2016-04-04T00:18:58+08:00 ] ::1 /index.php/Home/Exam/addexamproblem.html
INFO: [ app_init ] --START--
INFO: Run Behavior\BuildLiteBehavior [ RunTime:0.000000s ]
INFO: [ app_init ] --END-- [ RunTime:0.000977s ]

[ 2016-04-04T00:19:14+08:00 ] ::1 /index.php/Home/Exam/setproblem/18
INFO: [ app_init ] --START--
INFO: Run Behavior\BuildLiteBehavior [ RunTime:0.000000s ]
INFO: [ app_init ] --END-- [ RunTime:0.000000s ]

[ 2016-04-04T00:20:15+08:00 ] ::1 /index.php/Home/Exam/setproblem/18
INFO: [ app_init ] --START--
INFO: Run Behavior\BuildLiteBehavior [ RunTime:0.000000s ]
INFO: [ app_init ] --END-- [ RunTime:0.000976s ]

[ 2016-04-04T00:27:35+08:00 ] ::1 /index.php/Home/Exam/setproblem/17
INFO: [ app_init ] --START--
INFO: Run Behavior\BuildLiteBehavior [ RunTime:0.000000s ]
INFO: [ app_init ] --END-- [ RunTime:0.000977s ]

[ 2016-04-04T00:27:41+08:00 ] ::1 /index.php/Home/Exam/addexamproblem.html
INFO: [ app_init ] --START--
INFO: Run Behavior\BuildLiteBehavior [ RunTime:0.000000s ]
INFO: [ app_init ] --END-- [ RunTime:0.000977s ]

[ 2016-04-04T00:34:05+08:00 ] ::1 /
INFO: [ app_init ] --START--
INFO: Run Behavior\BuildLiteBehavior [ RunTime:0.000000s ]
INFO: [ app_init ] --END-- [ RunTime:0.000000s ]

[ 2016-04-04T00:34:07+08:00 ] ::1 /index.php/Home/Login/login.html
INFO: [ app_init ] --START--
INFO: Run Behavior\BuildLiteBehavior [ RunTime:0.000000s ]
INFO: [ app_init ] --END-- [ RunTime:0.000000s ]

[ 2016-04-04T00:34:08+08:00 ] ::1 /index.php/Home/Exam/setproblem/20
INFO: [ app_init ] --START--
INFO: Run Behavior\BuildLiteBehavior [ RunTime:0.000000s ]
INFO: [ app_init ] --END-- [ RunTime:0.000977s ]

[ 2016-04-04T00:34:09+08:00 ] ::1 /index.php/Home/Login/login.html
INFO: [ app_init ] --START--
INFO: Run Behavior\BuildLiteBehavior [ RunTime:0.000000s ]
INFO: [ app_init ] --END-- [ RunTime:0.000977s ]

[ 2016-04-04T00:34:17+08:00 ] ::1 /index.php/Home/Login/login.html
INFO: [ app_init ] --START--
INFO: Run Behavior\BuildLiteBehavior [ RunTime:0.000976s ]
INFO: [ app_init ] --END-- [ RunTime:0.000976s ]

[ 2016-04-04T00:34:18+08:00 ] ::1 /index.php/Home/Index/index.html
INFO: [ app_init ] --START--
INFO: Run Behavior\BuildLiteBehavior [ RunTime:0.000000s ]
INFO: [ app_init ] --END-- [ RunTime:0.000977s ]

[ 2016-04-04T00:34:32+08:00 ] ::1 /index.php/Home/Exam/setproblem/20
INFO: [ app_init ] --START--
INFO: Run Behavior\BuildLiteBehavior [ RunTime:0.000000s ]
INFO: [ app_init ] --END-- [ RunTime:0.000977s ]

[ 2016-04-04T00:34:41+08:00 ] ::1 /index.php/Home/Exam/setproblem/16
INFO: [ app_init ] --START--
INFO: Run Behavior\BuildLiteBehavior [ RunTime:0.000000s ]
INFO: [ app_init ] --END-- [ RunTime:0.000976s ]

[ 2016-04-04T00:34:46+08:00 ] ::1 /index.php/Home/Exam/addexamproblem.html
INFO: [ app_init ] --START--
INFO: Run Behavior\BuildLiteBehavior [ RunTime:0.000000s ]
INFO: [ app_init ] --END-- [ RunTime:0.000976s ]

[ 2016-04-04T00:34:54+08:00 ] ::1 /index.php/Home/Exam/setproblem/16
INFO: [ app_init ] --START--
INFO: Run Behavior\BuildLiteBehavior [ RunTime:0.000977s ]
INFO: [ app_init ] --END-- [ RunTime:0.000977s ]

[ 2016-04-04T00:34:58+08:00 ] ::1 /index.php/Home/Exam/setproblem/15
INFO: [ app_init ] --START--
INFO: Run Behavior\BuildLiteBehavior [ RunTime:0.000000s ]
INFO: [ app_init ] --END-- [ RunTime:0.000977s ]

[ 2016-04-04T00:35:28+08:00 ] ::1 /index.php/Home/Exam/setproblem/15
INFO: [ app_init ] --START--
INFO: Run Behavior\BuildLiteBehavior [ RunTime:0.000000s ]
INFO: [ app_init ] --END-- [ RunTime:0.000977s ]

[ 2016-04-04T00:35:34+08:00 ] ::1 /index.php/Home/Exam/addexamproblem.html
INFO: [ app_init ] --START--
INFO: Run Behavior\BuildLiteBehavior [ RunTime:0.000000s ]
INFO: [ app_init ] --END-- [ RunTime:0.000976s ]

[ 2016-04-04T00:35:36+08:00 ] ::1 /index.php/Home/Exam/addexamproblem.html
INFO: [ app_init ] --START--
INFO: Run Behavior\BuildLiteBehavior [ RunTime:0.000000s ]
INFO: [ app_init ] --END-- [ RunTime:0.000977s ]

[ 2016-04-04T00:35:37+08:00 ] ::1 /index.php/Home/Exam/setproblem/15
INFO: [ app_init ] --START--
INFO: Run Behavior\BuildLiteBehavior [ RunTime:0.000000s ]
INFO: [ app_init ] --END-- [ RunTime:0.000977s ]

[ 2016-04-04T00:35:45+08:00 ] ::1 /index.php/Home/Exam/setproblem/15
INFO: [ app_init ] --START--
INFO: Run Behavior\BuildLiteBehavior [ RunTime:0.000000s ]
INFO: [ app_init ] --END-- [ RunTime:0.000976s ]

[ 2016-04-04T00:36:27+08:00 ] ::1 /index.php/Home/Exam/setproblem/15
INFO: [ app_init ] --START--
INFO: Run Behavior\BuildLiteBehavior [ RunTime:0.000000s ]
INFO: [ app_init ] --END-- [ RunTime:0.000977s ]

[ 2016-04-04T00:36:31+08:00 ] ::1 /index.php/Home/Exam/setproblem/15?exam_id=15&pid=1&problem_order=1&submit_times=10
INFO: [ app_init ] --START--
INFO: Run Behavior\BuildLiteBehavior [ RunTime:0.000000s ]
INFO: [ app_init ] --END-- [ RunTime:0.000976s ]

[ 2016-04-04T00:36:39+08:00 ] ::1 /index.php/Home/Exam/setproblem/15?exam_id=15&pid=1&problem_order=1&submit_times=10
INFO: [ app_init ] --START--
INFO: Run Behavior\BuildLiteBehavior [ RunTime:0.000000s ]
INFO: [ app_init ] --END-- [ RunTime:0.000976s ]

[ 2016-04-04T00:36:53+08:00 ] ::1 /index.php/Home/Exam/setproblem/15?exam_id=15&pid=1&problem_order=1&submit_times=10
INFO: [ app_init ] --START--
INFO: Run Behavior\BuildLiteBehavior [ RunTime:0.000000s ]
INFO: [ app_init ] --END-- [ RunTime:0.000977s ]

[ 2016-04-04T00:36:59+08:00 ] ::1 /index.php/Home/Exam/setproblem/15?exam_id=15&pid=1&problem_order=1&submit_times=10
INFO: [ app_init ] --START--
INFO: Run Behavior\BuildLiteBehavior [ RunTime:0.000000s ]
INFO: [ app_init ] --END-- [ RunTime:0.000977s ]

[ 2016-04-04T00:38:08+08:00 ] ::1 /index.php/Home/Exam/setproblem/15?exam_id=15&pid=1&problem_order=1&submit_times=10
INFO: [ app_init ] --START--
INFO: Run Behavior\BuildLiteBehavior [ RunTime:0.000000s ]
INFO: [ app_init ] --END-- [ RunTime:0.001953s ]

[ 2016-04-04T00:38:29+08:00 ] ::1 /index.php/Home/Exam/setproblem/15?exam_id=15&pid=1&problem_order=1&submit_times=10
INFO: [ app_init ] --START--
INFO: Run Behavior\BuildLiteBehavior [ RunTime:0.000000s ]
INFO: [ app_init ] --END-- [ RunTime:0.000977s ]

[ 2016-04-04T00:39:24+08:00 ] ::1 /index.php/Home/Exam/setproblem/15?exam_id=15&pid=1&problem_order=1&submit_times=10
INFO: [ app_init ] --START--
INFO: Run Behavior\BuildLiteBehavior [ RunTime:0.000000s ]
INFO: [ app_init ] --END-- [ RunTime:0.000977s ]

[ 2016-04-04T00:39:30+08:00 ] ::1 /index.php/Home/Exam/setproblem/15?exam_id=15&pid=1&problem_order=1&submit_times=10
INFO: [ app_init ] --START--
INFO: Run Behavior\BuildLiteBehavior [ RunTime:0.000000s ]
INFO: [ app_init ] --END-- [ RunTime:0.000977s ]

[ 2016-04-04T00:39:52+08:00 ] ::1 /index.php/Home/Exam/setproblem/15?exam_id=15&pid=1&problem_order=1&submit_times=10
INFO: [ app_init ] --START--
INFO: Run Behavior\BuildLiteBehavior [ RunTime:0.000000s ]
INFO: [ app_init ] --END-- [ RunTime:0.000977s ]

[ 2016-04-04T00:42:17+08:00 ] ::1 /index.php/Home/Exam/setproblem/15?exam_id=15&pid=1&problem_order=1&submit_times=10
INFO: [ app_init ] --START--
INFO: Run Behavior\BuildLiteBehavior [ RunTime:0.000000s ]
INFO: [ app_init ] --END-- [ RunTime:0.000976s ]

[ 2016-04-04T00:42:30+08:00 ] ::1 /index.php/Home/Exam/setproblem/15?exam_id=15&pid=1&problem_order=1&submit_times=10
INFO: [ app_init ] --START--
INFO: Run Behavior\BuildLiteBehavior [ RunTime:0.000000s ]
INFO: [ app_init ] --END-- [ RunTime:0.000977s ]

[ 2016-04-04T00:42:36+08:00 ] ::1 /index.php/Home/Exam/addexamproblem
INFO: [ app_init ] --START--
INFO: Run Behavior\BuildLiteBehavior [ RunTime:0.000000s ]
INFO: [ app_init ] --END-- [ RunTime:0.000977s ]
INFO: [ app_begin ] --START--
INFO: Run Behavior\ReadHtmlCacheBehavior [ RunTime:0.000977s ]
INFO: [ app_begin ] --END-- [ RunTime:0.000977s ]
SQL: SHOW COLUMNS FROM `think_examproblem` [ RunTime:0.0000s ]
NOTIC: [8] Undefined index: validate D:\wamp\www\ThinkPHP\Library\Think\Model.class.php 第 1185 行.
NOTIC: [8] Undefined index: auto D:\wamp\www\ThinkPHP\Library\Think\Model.class.php 第 1128 行.
SQL: INSERT INTO `think_examproblem` (`exam_id`,`pid`,`problem_order`,`submit_times`) VALUES ('15','1','1','10') [ RunTime:0.0469s ]

[ 2016-04-04T00:42:39+08:00 ] ::1 /index.php/Home/Exam/setproblem/15?exam_id=15&pid=1&problem_order=1&submit_times=10
INFO: [ app_init ] --START--
INFO: Run Behavior\BuildLiteBehavior [ RunTime:0.000000s ]
INFO: [ app_init ] --END-- [ RunTime:0.000976s ]

[ 2016-04-04T00:44:48+08:00 ] ::1 /index.php/Home/Exam/setproblem/15?exam_id=15&pid=1&problem_order=1&submit_times=10
INFO: [ app_init ] --START--
INFO: Run Behavior\BuildLiteBehavior [ RunTime:0.000000s ]
INFO: [ app_init ] --END-- [ RunTime:0.000977s ]

[ 2016-04-04T00:44:54+08:00 ] ::1 /index.php/Home/Exam/addexamproblem
INFO: [ app_init ] --START--
INFO: Run Behavior\BuildLiteBehavior [ RunTime:0.000000s ]
INFO: [ app_init ] --END-- [ RunTime:0.000977s ]
INFO: [ app_begin ] --START--
INFO: Run Behavior\ReadHtmlCacheBehavior [ RunTime:0.000977s ]
INFO: [ app_begin ] --END-- [ RunTime:0.000977s ]
SQL: SHOW COLUMNS FROM `think_examproblem` [ RunTime:0.0039s ]
NOTIC: [8] Undefined index: validate D:\wamp\www\ThinkPHP\Library\Think\Model.class.php 第 1185 行.
NOTIC: [8] Undefined index: auto D:\wamp\www\ThinkPHP\Library\Think\Model.class.php 第 1128 行.
SQL: INSERT INTO `think_examproblem` (`exam_id`,`pid`,`problem_order`,`submit_times`) VALUES ('15','1','1','10') [ RunTime:0.0508s ]

[ 2016-04-04T00:45:00+08:00 ] ::1 /index.php/Home/Exam/setproblem/15?exam_id=15&pid=1&problem_order=1&submit_times=10
INFO: [ app_init ] --START--
INFO: Run Behavior\BuildLiteBehavior [ RunTime:0.000000s ]
INFO: [ app_init ] --END-- [ RunTime:0.000976s ]

[ 2016-04-04T00:45:27+08:00 ] ::1 /index.php/Home/Exam/addexamproblem
INFO: [ app_init ] --START--
INFO: Run Behavior\BuildLiteBehavior [ RunTime:0.000000s ]
INFO: [ app_init ] --END-- [ RunTime:0.000977s ]
INFO: [ app_begin ] --START--
INFO: Run Behavior\ReadHtmlCacheBehavior [ RunTime:0.000976s ]
INFO: [ app_begin ] --END-- [ RunTime:0.000976s ]
SQL: SHOW COLUMNS FROM `think_examproblem` [ RunTime:0.0000s ]
NOTIC: [8] Undefined index: validate D:\wamp\www\ThinkPHP\Library\Think\Model.class.php 第 1185 行.
NOTIC: [8] Undefined index: auto D:\wamp\www\ThinkPHP\Library\Think\Model.class.php 第 1128 行.
SQL: INSERT INTO `think_examproblem` (`exam_id`,`pid`,`problem_order`,`submit_times`) VALUES ('15','1','1','10') [ RunTime:0.0625s ]

[ 2016-04-04T00:45:42+08:00 ] ::1 /index.php/Home/Exam/addexamproblem
INFO: [ app_init ] --START--
INFO: Run Behavior\BuildLiteBehavior [ RunTime:0.000000s ]
INFO: [ app_init ] --END-- [ RunTime:0.000977s ]
INFO: [ app_begin ] --START--
INFO: Run Behavior\ReadHtmlCacheBehavior [ RunTime:0.001954s ]
INFO: [ app_begin ] --END-- [ RunTime:0.001954s ]
SQL: SHOW COLUMNS FROM `think_examproblem` [ RunTime:0.0186s ]
NOTIC: [8] Undefined index: validate D:\wamp\www\ThinkPHP\Library\Think\Model.class.php 第 1185 行.
NOTIC: [8] Undefined index: auto D:\wamp\www\ThinkPHP\Library\Think\Model.class.php 第 1128 行.
SQL: INSERT INTO `think_examproblem` (`exam_id`,`pid`,`problem_order`,`submit_times`) VALUES ('15','1','1','10') [ RunTime:0.0469s ]

[ 2016-04-04T00:45:57+08:00 ] ::1 /index.php/Home/Exam/setproblem/15?exam_id=15&pid=1&problem_order=1&submit_times=10
INFO: [ app_init ] --START--
INFO: Run Behavior\BuildLiteBehavior [ RunTime:0.000000s ]
INFO: [ app_init ] --END-- [ RunTime:0.000977s ]

[ 2016-04-04T00:46:06+08:00 ] ::1 /index.php/Home/Exam/addexamproblem
INFO: [ app_init ] --START--
INFO: Run Behavior\BuildLiteBehavior [ RunTime:0.000000s ]
INFO: [ app_init ] --END-- [ RunTime:0.000976s ]
INFO: [ app_begin ] --START--
INFO: Run Behavior\ReadHtmlCacheBehavior [ RunTime:0.000976s ]
INFO: [ app_begin ] --END-- [ RunTime:0.001953s ]
SQL: SHOW COLUMNS FROM `think_examproblem` [ RunTime:0.0029s ]
NOTIC: [8] Undefined index: validate D:\wamp\www\ThinkPHP\Library\Think\Model.class.php 第 1185 行.
NOTIC: [8] Undefined index: auto D:\wamp\www\ThinkPHP\Library\Think\Model.class.php 第 1128 行.
SQL: INSERT INTO `think_examproblem` (`exam_id`,`pid`,`problem_order`,`submit_times`) VALUES ('15','1','1','10') [ RunTime:0.0313s ]

[ 2016-04-04T00:46:13+08:00 ] ::1 /index.php/Home/Exam/setproblem/15?exam_id=15&pid=1&problem_order=1&submit_times=10
INFO: [ app_init ] --START--
INFO: Run Behavior\BuildLiteBehavior [ RunTime:0.000977s ]
INFO: [ app_init ] --END-- [ RunTime:0.001953s ]

[ 2016-04-04T00:46:41+08:00 ] ::1 /index.php/Home/Exam/setproblem/15?exam_id=15&pid=1&problem_order=1&submit_times=10
INFO: [ app_init ] --START--
INFO: Run Behavior\BuildLiteBehavior [ RunTime:0.000000s ]
INFO: [ app_init ] --END-- [ RunTime:0.002930s ]

[ 2016-04-04T00:46:48+08:00 ] ::1 /index.php/Home/Exam/addexamproblem
INFO: [ app_init ] --START--
INFO: Run Behavior\BuildLiteBehavior [ RunTime:0.000000s ]
INFO: [ app_init ] --END-- [ RunTime:0.000977s ]
INFO: [ app_begin ] --START--
INFO: Run Behavior\ReadHtmlCacheBehavior [ RunTime:0.000976s ]
INFO: [ app_begin ] --END-- [ RunTime:0.001953s ]
SQL: SHOW COLUMNS FROM `think_examproblem` [ RunTime:0.0068s ]
NOTIC: [8] Undefined index: validate D:\wamp\www\ThinkPHP\Library\Think\Model.class.php 第 1185 行.
NOTIC: [8] Undefined index: auto D:\wamp\www\ThinkPHP\Library\Think\Model.class.php 第 1128 行.
SQL: INSERT INTO `think_examproblem` (`exam_id`,`pid`,`problem_order`,`submit_times`) VALUES ('15','1','1','10') [ RunTime:0.0439s ]

[ 2016-04-04T00:46:59+08:00 ] ::1 /index.php/Home/Exam/addexamproblem
INFO: [ app_init ] --START--
INFO: Run Behavior\BuildLiteBehavior [ RunTime:0.000000s ]
INFO: [ app_init ] --END-- [ RunTime:0.000000s ]
INFO: [ app_begin ] --START--
INFO: Run Behavior\ReadHtmlCacheBehavior [ RunTime:0.000977s ]
INFO: [ app_begin ] --END-- [ RunTime:0.001953s ]
SQL: SHOW COLUMNS FROM `think_examproblem` [ RunTime:0.0068s ]
NOTIC: [8] Undefined index: validate D:\wamp\www\ThinkPHP\Library\Think\Model.class.php 第 1185 行.
NOTIC: [8] Undefined index: auto D:\wamp\www\ThinkPHP\Library\Think\Model.class.php 第 1128 行.
SQL: INSERT INTO `think_examproblem` (`exam_id`,`pid`,`problem_order`,`submit_times`) VALUES ('15','1','1','10') [ RunTime:0.0518s ]

[ 2016-04-04T00:47:30+08:00 ] ::1 /index.php/Home/Exam/addexamproblem
INFO: [ app_init ] --START--
INFO: Run Behavior\BuildLiteBehavior [ RunTime:0.000000s ]
INFO: [ app_init ] --END-- [ RunTime:0.000976s ]
INFO: [ app_begin ] --START--
INFO: Run Behavior\ReadHtmlCacheBehavior [ RunTime:0.000977s ]
INFO: [ app_begin ] --END-- [ RunTime:0.001953s ]
SQL: SHOW COLUMNS FROM `think_examproblem` [ RunTime:0.0205s ]
NOTIC: [8] Undefined index: validate D:\wamp\www\ThinkPHP\Library\Think\Model.class.php 第 1185 行.
NOTIC: [8] Undefined index: auto D:\wamp\www\ThinkPHP\Library\Think\Model.class.php 第 1128 行.
SQL: INSERT INTO `think_examproblem` (`exam_id`,`pid`,`problem_order`,`submit_times`) VALUES ('15','1','1','10') [ RunTime:0.0313s ]

[ 2016-04-04T00:53:26+08:00 ] ::1 /index.php/Home/Exam/setproblem/15?exam_id=15&pid=1&problem_order=1&submit_times=10
INFO: [ app_init ] --START--
INFO: Run Behavior\BuildLiteBehavior [ RunTime:0.000000s ]
INFO: [ app_init ] --END-- [ RunTime:0.000977s ]

[ 2016-04-04T00:53:44+08:00 ] ::1 /index.php/Home/Exam/setproblem/15?exam_id=15&pid=1&problem_order=1&submit_times=10
INFO: [ app_init ] --START--
INFO: Run Behavior\BuildLiteBehavior [ RunTime:0.000000s ]
INFO: [ app_init ] --END-- [ RunTime:0.000977s ]

[ 2016-04-04T00:54:21+08:00 ] ::1 /index.php/Home/Exam/setproblem/15?exam_id=15&pid=1&problem_order=1&submit_times=10
INFO: [ app_init ] --START--
INFO: Run Behavior\BuildLiteBehavior [ RunTime:0.000000s ]
INFO: [ app_init ] --END-- [ RunTime:0.000977s ]

[ 2016-04-04T00:57:09+08:00 ] ::1 /index.php/Home/Exam/setproblem/15?exam_id=15&pid=1&problem_order=1&submit_times=10
INFO: [ app_init ] --START--
INFO: Run Behavior\BuildLiteBehavior [ RunTime:0.000000s ]
INFO: [ app_init ] --END-- [ RunTime:0.000976s ]

[ 2016-04-04T19:23:20+08:00 ] ::1 /
INFO: [ app_init ] --START--
INFO: Run Behavior\BuildLiteBehavior [ RunTime:0.000000s ]
INFO: [ app_init ] --END-- [ RunTime:0.051757s ]

[ 2016-04-04T19:23:21+08:00 ] ::1 /index.php/Home/Login/login.html
INFO: [ app_init ] --START--
INFO: Run Behavior\BuildLiteBehavior [ RunTime:0.000000s ]
INFO: [ app_init ] --END-- [ RunTime:0.000977s ]

[ 2016-04-04T19:23:27+08:00 ] ::1 /index.php/Home/Login/login.html
INFO: [ app_init ] --START--
INFO: Run Behavior\BuildLiteBehavior [ RunTime:0.000000s ]
INFO: [ app_init ] --END-- [ RunTime:0.000976s ]

[ 2016-04-04T19:23:28+08:00 ] ::1 /index.php/Home/Index/index.html
INFO: [ app_init ] --START--
INFO: Run Behavior\BuildLiteBehavior [ RunTime:0.000000s ]
INFO: [ app_init ] --END-- [ RunTime:0.000976s ]

[ 2016-04-04T19:23:36+08:00 ] ::1 /index.php/Home/Exam/setproblem/15
INFO: [ app_init ] --START--
INFO: Run Behavior\BuildLiteBehavior [ RunTime:0.000000s ]
INFO: [ app_init ] --END-- [ RunTime:0.000976s ]

[ 2016-04-04T19:27:03+08:00 ] ::1 /index.php/Home/Exam/setproblem/15
INFO: [ app_init ] --START--
INFO: Run Behavior\BuildLiteBehavior [ RunTime:0.000000s ]
INFO: [ app_init ] --END-- [ RunTime:0.000976s ]

[ 2016-04-04T19:27:28+08:00 ] ::1 /index.php/Home/Exam/setproblem/15
INFO: [ app_init ] --START--
INFO: Run Behavior\BuildLiteBehavior [ RunTime:0.000000s ]
INFO: [ app_init ] --END-- [ RunTime:0.000977s ]

[ 2016-04-04T19:35:14+08:00 ] ::1 /index.php/Home/Exam/setproblem/15
INFO: [ app_init ] --START--
INFO: Run Behavior\BuildLiteBehavior [ RunTime:0.000000s ]
INFO: [ app_init ] --END-- [ RunTime:0.000977s ]

[ 2016-04-04T19:35:15+08:00 ] ::1 /index.php/Home/Exam/setproblem/15
INFO: [ app_init ] --START--
INFO: Run Behavior\BuildLiteBehavior [ RunTime:0.000000s ]
INFO: [ app_init ] --END-- [ RunTime:0.000976s ]

[ 2016-04-04T19:35:20+08:00 ] ::1 /index.php/Home/Exam/addexamproblem
INFO: [ app_init ] --START--
INFO: Run Behavior\BuildLiteBehavior [ RunTime:0.000000s ]
INFO: [ app_init ] --END-- [ RunTime:0.001953s ]
INFO: [ app_begin ] --START--
INFO: Run Behavior\ReadHtmlCacheBehavior [ RunTime:0.000000s ]
INFO: [ app_begin ] --END-- [ RunTime:0.001953s ]
SQL: SHOW COLUMNS FROM `think_examproblem` [ RunTime:0.0068s ]
NOTIC: [8] Undefined index: validate D:\wamp\www\ThinkPHP\Library\Think\Model.class.php 第 1185 行.
NOTIC: [8] Undefined index: auto D:\wamp\www\ThinkPHP\Library\Think\Model.class.php 第 1128 行.
SQL: INSERT INTO `think_examproblem` (`exam_id`,`pid`,`problem_order`,`submit_times`) VALUES ('15','1','1','10') [ RunTime:0.0820s ]

[ 2016-04-04T19:35:33+08:00 ] ::1 /index.php/Home/Exam/addexamproblem
INFO: [ app_init ] --START--
INFO: Run Behavior\BuildLiteBehavior [ RunTime:0.000000s ]
INFO: [ app_init ] --END-- [ RunTime:0.000977s ]
INFO: [ app_begin ] --START--
INFO: Run Behavior\ReadHtmlCacheBehavior [ RunTime:0.000976s ]
INFO: [ app_begin ] --END-- [ RunTime:0.000976s ]
SQL: SHOW COLUMNS FROM `think_examproblem` [ RunTime:0.0068s ]
NOTIC: [8] Undefined index: validate D:\wamp\www\ThinkPHP\Library\Think\Model.class.php 第 1185 行.
NOTIC: [8] Undefined index: auto D:\wamp\www\ThinkPHP\Library\Think\Model.class.php 第 1128 行.
SQL: INSERT INTO `think_examproblem` (`exam_id`,`pid`,`problem_order`,`submit_times`) VALUES ('15','1','1','10') [ RunTime:0.0303s ]

[ 2016-04-04T19:35:50+08:00 ] ::1 /index.php/Home/Exam/setproblem/15
INFO: [ app_init ] --START--
INFO: Run Behavior\BuildLiteBehavior [ RunTime:0.000000s ]
INFO: [ app_init ] --END-- [ RunTime:0.000977s ]

[ 2016-04-04T19:36:17+08:00 ] ::1 /index.php/Home/Exam/setproblem/15
INFO: [ app_init ] --START--
INFO: Run Behavior\BuildLiteBehavior [ RunTime:0.000000s ]
INFO: [ app_init ] --END-- [ RunTime:0.000977s ]

[ 2016-04-04T19:36:23+08:00 ] ::1 /index.php/Home/Exam/addexamproblem
INFO: [ app_init ] --START--
INFO: Run Behavior\BuildLiteBehavior [ RunTime:0.000000s ]
INFO: [ app_init ] --END-- [ RunTime:0.000976s ]
INFO: [ app_begin ] --START--
INFO: Run Behavior\ReadHtmlCacheBehavior [ RunTime:0.000976s ]
INFO: [ app_begin ] --END-- [ RunTime:0.000976s ]
SQL: SHOW COLUMNS FROM `think_examproblem` [ RunTime:0.0156s ]
NOTIC: [8] Undefined index: validate D:\wamp\www\ThinkPHP\Library\Think\Model.class.php 第 1185 行.
NOTIC: [8] Undefined index: auto D:\wamp\www\ThinkPHP\Library\Think\Model.class.php 第 1128 行.
SQL: INSERT INTO `think_examproblem` (`exam_id`,`pid`,`problem_order`,`submit_times`) VALUES ('15','1','1','10') [ RunTime:0.0938s ]

[ 2016-04-04T19:36:26+08:00 ] ::1 /index.php/Home/Exam/setproblem/15
INFO: [ app_init ] --START--
INFO: Run Behavior\BuildLiteBehavior [ RunTime:0.000000s ]
INFO: [ app_init ] --END-- [ RunTime:0.001953s ]

[ 2016-04-04T19:37:11+08:00 ] ::1 /index.php/Home/Exam/setproblem/15
INFO: [ app_init ] --START--
INFO: Run Behavior\BuildLiteBehavior [ RunTime:0.000000s ]
INFO: [ app_init ] --END-- [ RunTime:0.000976s ]

[ 2016-04-04T19:37:30+08:00 ] ::1 /index.php/Home/Exam/addexamproblem
INFO: [ app_init ] --START--
INFO: Run Behavior\BuildLiteBehavior [ RunTime:0.000000s ]
INFO: [ app_init ] --END-- [ RunTime:0.000976s ]
INFO: [ app_begin ] --START--
INFO: Run Behavior\ReadHtmlCacheBehavior [ RunTime:0.000977s ]
INFO: [ app_begin ] --END-- [ RunTime:0.000977s ]
SQL: SHOW COLUMNS FROM `think_examproblem` [ RunTime:0.0020s ]
NOTIC: [8] Undefined index: validate D:\wamp\www\ThinkPHP\Library\Think\Model.class.php 第 1185 行.
NOTIC: [8] Undefined index: auto D:\wamp\www\ThinkPHP\Library\Think\Model.class.php 第 1128 行.
SQL: INSERT INTO `think_examproblem` (`exam_id`,`pid`,`problem_order`,`submit_times`) VALUES ('15','1','1','10') [ RunTime:0.0313s ]

[ 2016-04-04T19:37:32+08:00 ] ::1 /index.php/Home/Exam/setproblem/15
INFO: [ app_init ] --START--
INFO: Run Behavior\BuildLiteBehavior [ RunTime:0.000000s ]
INFO: [ app_init ] --END-- [ RunTime:0.000000s ]

[ 2016-04-04T19:39:32+08:00 ] ::1 /index.php/Home/Exam/setproblem/15
INFO: [ app_init ] --START--
INFO: Run Behavior\BuildLiteBehavior [ RunTime:0.000000s ]
INFO: [ app_init ] --END-- [ RunTime:0.000977s ]

[ 2016-04-04T19:39:44+08:00 ] ::1 /index.php/Home/Exam/addexamproblem
INFO: [ app_init ] --START--
INFO: Run Behavior\BuildLiteBehavior [ RunTime:0.000000s ]
INFO: [ app_init ] --END-- [ RunTime:0.000976s ]
INFO: [ app_begin ] --START--
INFO: Run Behavior\ReadHtmlCacheBehavior [ RunTime:0.001953s ]
INFO: [ app_begin ] --END-- [ RunTime:0.001953s ]
SQL: SHOW COLUMNS FROM `think_examproblem` [ RunTime:0.0000s ]
NOTIC: [8] Undefined index: validate D:\wamp\www\ThinkPHP\Library\Think\Model.class.php 第 1185 行.
NOTIC: [8] Undefined index: auto D:\wamp\www\ThinkPHP\Library\Think\Model.class.php 第 1128 行.
SQL: INSERT INTO `think_examproblem` (`exam_id`,`pid`,`problem_order`,`submit_times`) VALUES ('15','1','1','10') [ RunTime:0.0596s ]

[ 2016-04-04T19:39:46+08:00 ] ::1 /index.php/Home/Exam/setproblem/15
INFO: [ app_init ] --START--
INFO: Run Behavior\BuildLiteBehavior [ RunTime:0.000000s ]
INFO: [ app_init ] --END-- [ RunTime:0.000976s ]

[ 2016-04-04T19:39:59+08:00 ] ::1 /index.php/Home/Exam/setproblem/15
INFO: [ app_init ] --START--
INFO: Run Behavior\BuildLiteBehavior [ RunTime:0.000000s ]
INFO: [ app_init ] --END-- [ RunTime:0.000977s ]

[ 2016-04-04T19:40:56+08:00 ] ::1 /index.php/Home/Exam/addexamproblem
INFO: [ app_init ] --START--
INFO: Run Behavior\BuildLiteBehavior [ RunTime:0.000000s ]
INFO: [ app_init ] --END-- [ RunTime:0.000976s ]
INFO: [ app_begin ] --START--
INFO: Run Behavior\ReadHtmlCacheBehavior [ RunTime:0.000977s ]
INFO: [ app_begin ] --END-- [ RunTime:0.000977s ]
SQL: SHOW COLUMNS FROM `think_examproblem` [ RunTime:0.0059s ]
NOTIC: [8] Undefined index: validate D:\wamp\www\ThinkPHP\Library\Think\Model.class.php 第 1185 行.
NOTIC: [8] Undefined index: auto D:\wamp\www\ThinkPHP\Library\Think\Model.class.php 第 1128 行.
SQL: INSERT INTO `think_examproblem` (`exam_id`,`pid`,`problem_order`,`submit_times`) VALUES ('15','1','1','10') [ RunTime:0.0537s ]

[ 2016-04-04T19:40:57+08:00 ] ::1 /index.php/Home/Exam/setproblem/15
INFO: [ app_init ] --START--
INFO: Run Behavior\BuildLiteBehavior [ RunTime:0.000000s ]
INFO: [ app_init ] --END-- [ RunTime:0.000977s ]

[ 2016-04-04T19:41:16+08:00 ] ::1 /index.php/Home/Exam/addexamproblem
INFO: [ app_init ] --START--
INFO: Run Behavior\BuildLiteBehavior [ RunTime:0.000000s ]
INFO: [ app_init ] --END-- [ RunTime:0.000977s ]
INFO: [ app_begin ] --START--
INFO: Run Behavior\ReadHtmlCacheBehavior [ RunTime:0.000977s ]
INFO: [ app_begin ] --END-- [ RunTime:0.000977s ]
SQL: SHOW COLUMNS FROM `think_examproblem` [ RunTime:0.0068s ]
NOTIC: [8] Undefined index: validate D:\wamp\www\ThinkPHP\Library\Think\Model.class.php 第 1185 行.
NOTIC: [8] Undefined index: auto D:\wamp\www\ThinkPHP\Library\Think\Model.class.php 第 1128 行.
SQL: INSERT INTO `think_examproblem` (`exam_id`,`pid`,`problem_order`,`submit_times`) VALUES ('15','1','1','10') [ RunTime:0.0332s ]

[ 2016-04-04T19:43:05+08:00 ] ::1 /index.php/Home/Exam/setproblem/15
INFO: [ app_init ] --START--
INFO: Run Behavior\BuildLiteBehavior [ RunTime:0.000000s ]
INFO: [ app_init ] --END-- [ RunTime:0.000977s ]

[ 2016-04-04T19:43:14+08:00 ] ::1 /index.php/Home/Exam/setproblem/15?exam_id=15&pid=&problem_order=&submit_times=
INFO: [ app_init ] --START--
INFO: Run Behavior\BuildLiteBehavior [ RunTime:0.000000s ]
INFO: [ app_init ] --END-- [ RunTime:0.000976s ]

[ 2016-04-04T19:43:42+08:00 ] ::1 /index.php/Home/Exam/setproblem/15?exam_id=15&pid=&problem_order=&submit_times=
INFO: [ app_init ] --START--
INFO: Run Behavior\BuildLiteBehavior [ RunTime:0.000000s ]
INFO: [ app_init ] --END-- [ RunTime:0.000977s ]

[ 2016-04-04T19:43:48+08:00 ] ::1 /index.php/Home/Exam/setproblem/15?exam_id=15&pid=&problem_order=&submit_times=
INFO: [ app_init ] --START--
INFO: Run Behavior\BuildLiteBehavior [ RunTime:0.000000s ]
INFO: [ app_init ] --END-- [ RunTime:0.000976s ]

[ 2016-04-04T19:41:51+08:00 ] ::1 /index.php/Home/Exam/setproblem/15?exam_id=15&pid=&problem_order=&submit_times=
INFO: [ app_init ] --START--
INFO: Run Behavior\BuildLiteBehavior [ RunTime:0.000000s ]
INFO: [ app_init ] --END-- [ RunTime:0.000977s ]

[ 2016-04-04T19:42:25+08:00 ] ::1 /index.php/Home/Exam/setproblem/15?exam_id=15&pid=&problem_order=&submit_times=
INFO: [ app_init ] --START--
INFO: Run Behavior\BuildLiteBehavior [ RunTime:0.000000s ]
INFO: [ app_init ] --END-- [ RunTime:0.000976s ]

[ 2016-04-04T19:44:04+08:00 ] ::1 /index.php/Home/Exam/setproblem/15?exam_id=15&pid=&problem_order=&submit_times=
INFO: [ app_init ] --START--
INFO: Run Behavior\BuildLiteBehavior [ RunTime:0.000000s ]
INFO: [ app_init ] --END-- [ RunTime:0.000976s ]

[ 2016-04-04T19:44:24+08:00 ] ::1 /index.php/Home/Exam/setproblem/15?exam_id=15&pid=&problem_order=&submit_times=
INFO: [ app_init ] --START--
INFO: Run Behavior\BuildLiteBehavior [ RunTime:0.000976s ]
INFO: [ app_init ] --END-- [ RunTime:0.000976s ]

[ 2016-04-04T19:44:45+08:00 ] ::1 /index.php/Home/Exam/setproblem/15?exam_id=15&pid=&problem_order=&submit_times=
INFO: [ app_init ] --START--
INFO: Run Behavior\BuildLiteBehavior [ RunTime:0.000000s ]
INFO: [ app_init ] --END-- [ RunTime:0.000976s ]

[ 2016-04-04T19:44:53+08:00 ] ::1 /index.php/Home/Exam/setproblem/15?exam_id=15&pid=&problem_order=&submit_times=
INFO: [ app_init ] --START--
INFO: Run Behavior\BuildLiteBehavior [ RunTime:0.000000s ]
INFO: [ app_init ] --END-- [ RunTime:0.000000s ]

[ 2016-04-04T19:47:26+08:00 ] ::1 /index.php/Home/Exam/setproblem/15?exam_id=15&pid=&problem_order=&submit_times=
INFO: [ app_init ] --START--
INFO: Run Behavior\BuildLiteBehavior [ RunTime:0.000000s ]
INFO: [ app_init ] --END-- [ RunTime:0.000977s ]

[ 2016-04-04T19:47:27+08:00 ] ::1 /index.php/Home/Exam/setproblem/15?exam_id=15&pid=&problem_order=&submit_times=
INFO: [ app_init ] --START--
INFO: Run Behavior\BuildLiteBehavior [ RunTime:0.000000s ]
INFO: [ app_init ] --END-- [ RunTime:0.000976s ]

[ 2016-04-04T19:47:29+08:00 ] ::1 /index.php/Home/Exam/setproblem/15?exam_id=15&pid=&problem_order=&submit_times=
INFO: [ app_init ] --START--
INFO: Run Behavior\BuildLiteBehavior [ RunTime:0.000000s ]
INFO: [ app_init ] --END-- [ RunTime:0.000000s ]

[ 2016-04-04T19:47:37+08:00 ] ::1 /index.php/Home/Exam/setproblem/15?exam_id=15&pid=1&problem_order=&submit_times=
INFO: [ app_init ] --START--
INFO: Run Behavior\BuildLiteBehavior [ RunTime:0.000000s ]
INFO: [ app_init ] --END-- [ RunTime:0.000000s ]

[ 2016-04-04T19:48:11+08:00 ] ::1 /index.php/Home/Exam/setproblem/15?exam_id=15&pid=1&problem_order=1&submit_times=10
INFO: [ app_init ] --START--
INFO: Run Behavior\BuildLiteBehavior [ RunTime:0.000000s ]
INFO: [ app_init ] --END-- [ RunTime:0.001953s ]

[ 2016-04-04T19:48:13+08:00 ] ::1 /index.php/Home/Exam/setproblem/15?exam_id=15&pid=1&problem_order=1&submit_times=10
INFO: [ app_init ] --START--
INFO: Run Behavior\BuildLiteBehavior [ RunTime:0.000000s ]
INFO: [ app_init ] --END-- [ RunTime:0.000977s ]

[ 2016-04-04T19:48:52+08:00 ] ::1 /index.php/Home/Exam/setproblem/15?exam_id=15&pid=1&problem_order=1&submit_times=10
INFO: [ app_init ] --START--
INFO: Run Behavior\BuildLiteBehavior [ RunTime:0.000000s ]
INFO: [ app_init ] --END-- [ RunTime:0.000977s ]

[ 2016-04-04T19:48:54+08:00 ] ::1 /index.php/Home/Exam/setproblem/15?exam_id=15&pid=1&problem_order=&submit_times=
INFO: [ app_init ] --START--
INFO: Run Behavior\BuildLiteBehavior [ RunTime:0.000000s ]
INFO: [ app_init ] --END-- [ RunTime:0.000977s ]

[ 2016-04-04T19:49:05+08:00 ] ::1 /index.php/Home/Exam/setproblem/15?exam_id=15&pid=1&problem_order=1&submit_times=10
INFO: [ app_init ] --START--
INFO: Run Behavior\BuildLiteBehavior [ RunTime:0.000000s ]
INFO: [ app_init ] --END-- [ RunTime:0.000977s ]

[ 2016-04-04T19:49:15+08:00 ] ::1 /index.php/Home/Exam/setproblem/15?exam_id=15&pid=1&problem_order=&submit_times=
INFO: [ app_init ] --START--
INFO: Run Behavior\BuildLiteBehavior [ RunTime:0.000000s ]
INFO: [ app_init ] --END-- [ RunTime:0.000977s ]

[ 2016-04-04T19:49:18+08:00 ] ::1 /index.php/Home/Exam/setproblem/15?exam_id=15&pid=1&problem_order=&submit_times=
INFO: [ app_init ] --START--
INFO: Run Behavior\BuildLiteBehavior [ RunTime:0.000000s ]
INFO: [ app_init ] --END-- [ RunTime:0.000976s ]

[ 2016-04-04T19:49:23+08:00 ] ::1 /index.php/Home/Exam/setproblem/15?exam_id=15&pid=1&problem_order=1&submit_times=10
INFO: [ app_init ] --START--
INFO: Run Behavior\BuildLiteBehavior [ RunTime:0.000000s ]
INFO: [ app_init ] --END-- [ RunTime:0.000977s ]

[ 2016-04-04T19:54:38+08:00 ] ::1 /index.php/Home/Exam/setproblem/15?exam_id=15&pid=1&problem_order=1&submit_times=10
INFO: [ app_init ] --START--
INFO: Run Behavior\BuildLiteBehavior [ RunTime:0.000000s ]
INFO: [ app_init ] --END-- [ RunTime:0.000977s ]

[ 2016-04-04T19:54:41+08:00 ] ::1 /index.php/Home/Exam/setproblem/15?exam_id=15&pid=1&problem_order=&submit_times=
INFO: [ app_init ] --START--
INFO: Run Behavior\BuildLiteBehavior [ RunTime:0.000000s ]
INFO: [ app_init ] --END-- [ RunTime:0.000976s ]

[ 2016-04-04T19:54:44+08:00 ] ::1 /index.php/Home/Exam/setproblem/15?exam_id=15&pid=&problem_order=&submit_times=
INFO: [ app_init ] --START--
INFO: Run Behavior\BuildLiteBehavior [ RunTime:0.000977s ]
INFO: [ app_init ] --END-- [ RunTime:0.000977s ]

[ 2016-04-04T19:54:44+08:00 ] ::1 /index.php/Home/Exam/setproblem/15?exam_id=15&pid=&problem_order=&submit_times=
INFO: [ app_init ] --START--
INFO: Run Behavior\BuildLiteBehavior [ RunTime:0.000000s ]
INFO: [ app_init ] --END-- [ RunTime:0.000977s ]

[ 2016-04-04T19:57:13+08:00 ] ::1 /index.php/Home/Exam/setproblem/15?exam_id=15&pid=&problem_order=&submit_times=
INFO: [ app_init ] --START--
INFO: Run Behavior\BuildLiteBehavior [ RunTime:0.000000s ]
INFO: [ app_init ] --END-- [ RunTime:0.000976s ]

[ 2016-04-04T19:57:15+08:00 ] ::1 /index.php/Home/Exam/setproblem/15?exam_id=15&pid=&problem_order=&submit_times=
INFO: [ app_init ] --START--
INFO: Run Behavior\BuildLiteBehavior [ RunTime:0.000000s ]
INFO: [ app_init ] --END-- [ RunTime:0.000976s ]

[ 2016-04-04T19:57:17+08:00 ] ::1 /index.php/Home/Exam/setproblem/15?exam_id=15&pid=&problem_order=&submit_times=
INFO: [ app_init ] --START--
INFO: Run Behavior\BuildLiteBehavior [ RunTime:0.000977s ]
INFO: [ app_init ] --END-- [ RunTime:0.000977s ]

[ 2016-04-04T19:59:38+08:00 ] ::1 /index.php/Home/Exam/setproblem/15?exam_id=15&pid=&problem_order=&submit_times=
INFO: [ app_init ] --START--
INFO: Run Behavior\BuildLiteBehavior [ RunTime:0.000000s ]
INFO: [ app_init ] --END-- [ RunTime:0.000977s ]

[ 2016-04-04T19:59:40+08:00 ] ::1 /index.php/Home/Exam/setproblem/15?exam_id=15&pid=&problem_order=&submit_times=
INFO: [ app_init ] --START--
INFO: Run Behavior\BuildLiteBehavior [ RunTime:0.000000s ]
INFO: [ app_init ] --END-- [ RunTime:0.001953s ]

[ 2016-04-04T19:59:41+08:00 ] ::1 /index.php/Home/Exam/setproblem/15?exam_id=15&pid=&problem_order=&submit_times=
INFO: [ app_init ] --START--
INFO: Run Behavior\BuildLiteBehavior [ RunTime:0.000000s ]
INFO: [ app_init ] --END-- [ RunTime:0.000977s ]

[ 2016-04-04T19:59:41+08:00 ] ::1 /index.php/Home/Exam/setproblem/15?exam_id=15&pid=&problem_order=&submit_times=
INFO: [ app_init ] --START--
INFO: Run Behavior\BuildLiteBehavior [ RunTime:0.000000s ]
INFO: [ app_init ] --END-- [ RunTime:0.001953s ]

[ 2016-04-04T19:59:52+08:00 ] ::1 /index.php/Home/Exam/setproblem/15?exam_id=15&pid=&problem_order=&submit_times=
INFO: [ app_init ] --START--
INFO: Run Behavior\BuildLiteBehavior [ RunTime:0.000000s ]
INFO: [ app_init ] --END-- [ RunTime:0.000977s ]

[ 2016-04-04T20:00:42+08:00 ] ::1 /index.php/Home/Exam/setproblem/15?exam_id=15&pid=&problem_order=&submit_times=
INFO: [ app_init ] --START--
INFO: Run Behavior\BuildLiteBehavior [ RunTime:0.000000s ]
INFO: [ app_init ] --END-- [ RunTime:0.000977s ]

[ 2016-04-04T20:01:15+08:00 ] ::1 /index.php/Home/Exam/setproblem/15?exam_id=15&pid=&problem_order=&submit_times=
INFO: [ app_init ] --START--
INFO: Run Behavior\BuildLiteBehavior [ RunTime:0.000000s ]
INFO: [ app_init ] --END-- [ RunTime:0.000977s ]

[ 2016-04-04T20:01:17+08:00 ] ::1 /index.php/Home/Exam/setproblem/15?exam_id=15&pid=&problem_order=&submit_times=
INFO: [ app_init ] --START--
INFO: Run Behavior\BuildLiteBehavior [ RunTime:0.000000s ]
INFO: [ app_init ] --END-- [ RunTime:0.000977s ]

[ 2016-04-04T20:01:20+08:00 ] ::1 /index.php/Home/Exam/setproblem/15?exam_id=15&pid=&problem_order=&submit_times=
INFO: [ app_init ] --START--
INFO: Run Behavior\BuildLiteBehavior [ RunTime:0.000000s ]
INFO: [ app_init ] --END-- [ RunTime:0.000976s ]

[ 2016-04-04T20:08:33+08:00 ] ::1 /index.php/Home/Exam/setproblem/15?exam_id=15&pid=&problem_order=&submit_times=
INFO: [ app_init ] --START--
INFO: Run Behavior\BuildLiteBehavior [ RunTime:0.000000s ]
INFO: [ app_init ] --END-- [ RunTime:0.000977s ]

[ 2016-04-04T20:08:35+08:00 ] ::1 /index.php/Home/Exam/setproblem/15?exam_id=15&pid=&problem_order=&submit_times=
INFO: [ app_init ] --START--
INFO: Run Behavior\BuildLiteBehavior [ RunTime:0.000976s ]
INFO: [ app_init ] --END-- [ RunTime:0.001953s ]

[ 2016-04-04T20:08:53+08:00 ] ::1 /index.php/Home/Exam/setproblem/15?exam_id=15&pid=&problem_order=&submit_times=
INFO: [ app_init ] --START--
INFO: Run Behavior\BuildLiteBehavior [ RunTime:0.000000s ]
INFO: [ app_init ] --END-- [ RunTime:0.000000s ]

[ 2016-04-04T20:08:59+08:00 ] ::1 /index.php/Home/Exam/setproblem/15?exam_id=15&pid=&problem_order=&submit_times=
INFO: [ app_init ] --START--
INFO: Run Behavior\BuildLiteBehavior [ RunTime:0.000000s ]
INFO: [ app_init ] --END-- [ RunTime:0.000000s ]

[ 2016-04-04T20:09:30+08:00 ] ::1 /index.php/Home/Exam/setproblem/15?exam_id=15&pid=&problem_order=&submit_times=
INFO: [ app_init ] --START--
INFO: Run Behavior\BuildLiteBehavior [ RunTime:0.000000s ]
INFO: [ app_init ] --END-- [ RunTime:0.000976s ]

[ 2016-04-04T20:09:50+08:00 ] ::1 /index.php/Home/Exam/setproblem/15?exam_id=15&pid=&problem_order=&submit_times=
INFO: [ app_init ] --START--
INFO: Run Behavior\BuildLiteBehavior [ RunTime:0.000000s ]
INFO: [ app_init ] --END-- [ RunTime:0.000976s ]

[ 2016-04-04T20:10:23+08:00 ] ::1 /index.php/Home/Exam/setproblem/15?exam_id=15&pid=1&problem_order=&submit_times=
INFO: [ app_init ] --START--
INFO: Run Behavior\BuildLiteBehavior [ RunTime:0.000976s ]
INFO: [ app_init ] --END-- [ RunTime:0.000976s ]

[ 2016-04-04T20:10:25+08:00 ] ::1 /index.php/Home/Exam/setproblem/15?exam_id=15&pid=1&problem_order=&submit_times=
INFO: [ app_init ] --START--
INFO: Run Behavior\BuildLiteBehavior [ RunTime:0.000000s ]
INFO: [ app_init ] --END-- [ RunTime:0.000977s ]

[ 2016-04-04T20:10:30+08:00 ] ::1 /index.php/Home/Exam/setproblem/15?exam_id=15&pid=1&problem_order=&submit_times=
INFO: [ app_init ] --START--
INFO: Run Behavior\BuildLiteBehavior [ RunTime:0.000000s ]
INFO: [ app_init ] --END-- [ RunTime:0.000976s ]

[ 2016-04-04T20:10:58+08:00 ] ::1 /index.php/Home/Exam/setproblem/15?exam_id=15&pid=1&problem_order=&submit_times=
INFO: [ app_init ] --START--
INFO: Run Behavior\BuildLiteBehavior [ RunTime:0.000000s ]
INFO: [ app_init ] --END-- [ RunTime:0.000976s ]

[ 2016-04-04T20:11:03+08:00 ] ::1 /index.php/Home/Exam/setproblem/15?exam_id=15&pid=1&problem_order=&submit_times=
INFO: [ app_init ] --START--
INFO: Run Behavior\BuildLiteBehavior [ RunTime:0.000000s ]
INFO: [ app_init ] --END-- [ RunTime:0.000977s ]

[ 2016-04-04T20:11:13+08:00 ] ::1 /index.php/Home/Exam/setproblem/15?exam_id=15&pid=1&problem_order=&submit_times=
INFO: [ app_init ] --START--
INFO: Run Behavior\BuildLiteBehavior [ RunTime:0.000000s ]
INFO: [ app_init ] --END-- [ RunTime:0.000976s ]

[ 2016-04-04T20:11:37+08:00 ] ::1 /index.php/Home/Exam/setproblem/15?exam_id=15&pid=1&problem_order=&submit_times=
INFO: [ app_init ] --START--
INFO: Run Behavior\BuildLiteBehavior [ RunTime:0.000000s ]
INFO: [ app_init ] --END-- [ RunTime:0.000977s ]

[ 2016-04-04T20:20:48+08:00 ] ::1 /index.php/Home/Exam/setproblem/15?exam_id=15&pid=1&problem_order=1&submit_times=10
INFO: [ app_init ] --START--
INFO: Run Behavior\BuildLiteBehavior [ RunTime:0.000977s ]
INFO: [ app_init ] --END-- [ RunTime:0.001953s ]

[ 2016-04-04T20:20:49+08:00 ] ::1 /index.php/Home/Exam/setproblem/15?exam_id=15&pid=1&problem_order=1&submit_times=10
INFO: [ app_init ] --START--
INFO: Run Behavior\BuildLiteBehavior [ RunTime:0.000000s ]
INFO: [ app_init ] --END-- [ RunTime:0.000977s ]

[ 2016-04-04T20:20:54+08:00 ] ::1 /index.php/Home/Exam/setproblem/15?exam_id=15&pid=1&problem_order=1&submit_times=10
INFO: [ app_init ] --START--
INFO: Run Behavior\BuildLiteBehavior [ RunTime:0.000000s ]
INFO: [ app_init ] --END-- [ RunTime:0.000976s ]

[ 2016-04-04T20:31:32+08:00 ] ::1 /index.php/Home/Exam/addexamproblem
INFO: [ app_init ] --START--
INFO: Run Behavior\BuildLiteBehavior [ RunTime:0.000000s ]
INFO: [ app_init ] --END-- [ RunTime:0.000977s ]
INFO: [ app_begin ] --START--
INFO: Run Behavior\ReadHtmlCacheBehavior [ RunTime:0.001953s ]
INFO: [ app_begin ] --END-- [ RunTime:0.001953s ]
SQL: SHOW COLUMNS FROM `think_examproblem` [ RunTime:0.0088s ]
NOTIC: [8] Undefined index: validate D:\wamp\www\ThinkPHP\Library\Think\Model.class.php 第 1185 行.

[ 2016-04-04T20:35:57+08:00 ] ::1 /index.php/Home/Exam/setproblem/15?exam_id=15&pid=1&problem_order=1&submit_times=10
INFO: [ app_init ] --START--
INFO: Run Behavior\BuildLiteBehavior [ RunTime:0.000000s ]
INFO: [ app_init ] --END-- [ RunTime:0.000976s ]

[ 2016-04-04T20:35:58+08:00 ] ::1 /index.php/Home/Exam/setproblem/15?exam_id=15&pid=1&problem_order=1&submit_times=10
INFO: [ app_init ] --START--
INFO: Run Behavior\BuildLiteBehavior [ RunTime:0.000000s ]
INFO: [ app_init ] --END-- [ RunTime:0.001953s ]

[ 2016-04-04T20:39:20+08:00 ] ::1 /index.php/Home/Exam/setproblem/15?exam_id=15&pid=1&problem_order=1&submit_times=10
INFO: [ app_init ] --START--
INFO: Run Behavior\BuildLiteBehavior [ RunTime:0.000000s ]
INFO: [ app_init ] --END-- [ RunTime:0.000977s ]

[ 2016-04-04T20:39:31+08:00 ] ::1 /index.php/Home/Exam/addexamproblem
INFO: [ app_init ] --START--
INFO: Run Behavior\BuildLiteBehavior [ RunTime:0.000000s ]
INFO: [ app_init ] --END-- [ RunTime:0.000977s ]
INFO: [ app_begin ] --START--
INFO: Run Behavior\ReadHtmlCacheBehavior [ RunTime:0.000977s ]
INFO: [ app_begin ] --END-- [ RunTime:0.001953s ]
SQL: SHOW COLUMNS FROM `think_examproblem` [ RunTime:0.0000s ]
NOTIC: [8] Undefined index: validate D:\wamp\www\ThinkPHP\Library\Think\Model.class.php 第 1185 行.
NOTIC: [8] Undefined index: auto D:\wamp\www\ThinkPHP\Library\Think\Model.class.php 第 1128 行.
SQL: INSERT INTO `think_examproblem` (`exam_id`,`pid`,`problem_order`,`submit_times`) VALUES ('15','2','2','10') [ RunTime:0.5625s ]

[ 2016-04-04T20:39:51+08:00 ] ::1 /index.php/Home/Exam/setproblem/15?exam_id=15&pid=1&problem_order=1&submit_times=10
INFO: [ app_init ] --START--
INFO: Run Behavior\BuildLiteBehavior [ RunTime:0.000000s ]
INFO: [ app_init ] --END-- [ RunTime:0.000977s ]

[ 2016-04-04T20:39:56+08:00 ] ::1 /index.php/Home/Exam/addexamproblem
INFO: [ app_init ] --START--
INFO: Run Behavior\BuildLiteBehavior [ RunTime:0.000000s ]
INFO: [ app_init ] --END-- [ RunTime:0.000000s ]
INFO: [ app_begin ] --START--
INFO: Run Behavior\ReadHtmlCacheBehavior [ RunTime:0.000000s ]
INFO: [ app_begin ] --END-- [ RunTime:0.000000s ]
SQL: SHOW COLUMNS FROM `think_examproblem` [ RunTime:0.0000s ]
NOTIC: [8] Undefined index: validate D:\wamp\www\ThinkPHP\Library\Think\Model.class.php 第 1185 行.
NOTIC: [8] Undefined index: auto D:\wamp\www\ThinkPHP\Library\Think\Model.class.php 第 1128 行.
SQL: INSERT INTO `think_examproblem` (`exam_id`,`pid`,`problem_order`,`submit_times`) VALUES ('15','3','3','10') [ RunTime:0.0469s ]

[ 2016-04-04T20:55:51+08:00 ] ::1 /index.php/Home/Exam/setproblem/15?exam_id=15&pid=1&problem_order=1&submit_times=10
INFO: [ app_init ] --START--
INFO: Run Behavior\BuildLiteBehavior [ RunTime:0.000000s ]
INFO: [ app_init ] --END-- [ RunTime:0.001953s ]

[ 2016-04-04T20:55:58+08:00 ] ::1 /index.php/Home/Exam/addexamproblem
INFO: [ app_init ] --START--
INFO: Run Behavior\BuildLiteBehavior [ RunTime:0.000000s ]
INFO: [ app_init ] --END-- [ RunTime:0.000977s ]
INFO: [ app_begin ] --START--
INFO: Run Behavior\ReadHtmlCacheBehavior [ RunTime:0.000976s ]
INFO: [ app_begin ] --END-- [ RunTime:0.000976s ]
SQL: SHOW COLUMNS FROM `think_examproblem` [ RunTime:0.0156s ]
NOTIC: [8] Undefined index: validate D:\wamp\www\ThinkPHP\Library\Think\Model.class.php 第 1185 行.
NOTIC: [8] Undefined index: auto D:\wamp\www\ThinkPHP\Library\Think\Model.class.php 第 1128 行.
SQL: INSERT INTO `think_examproblem` (`exam_id`,`pid`,`problem_order`,`submit_times`) VALUES ('15','4','4','10') [ RunTime:0.0313s ]

[ 2016-04-04T20:57:19+08:00 ] ::1 /index.php/Home/Exam/setproblem/15?exam_id=15&pid=1&problem_order=1&submit_times=10
INFO: [ app_init ] --START--
INFO: Run Behavior\BuildLiteBehavior [ RunTime:0.000977s ]
INFO: [ app_init ] --END-- [ RunTime:0.000977s ]

[ 2016-04-04T20:57:26+08:00 ] ::1 /index.php/Home/Exam/addexamproblem
INFO: [ app_init ] --START--
INFO: Run Behavior\BuildLiteBehavior [ RunTime:0.000976s ]
INFO: [ app_init ] --END-- [ RunTime:0.000976s ]
INFO: [ app_begin ] --START--
INFO: Run Behavior\ReadHtmlCacheBehavior [ RunTime:0.000976s ]
INFO: [ app_begin ] --END-- [ RunTime:0.000976s ]
SQL: SHOW COLUMNS FROM `think_examproblem` [ RunTime:0.0078s ]
NOTIC: [8] Undefined index: validate D:\wamp\www\ThinkPHP\Library\Think\Model.class.php 第 1185 行.
NOTIC: [8] Undefined index: auto D:\wamp\www\ThinkPHP\Library\Think\Model.class.php 第 1128 行.
SQL: INSERT INTO `think_examproblem` (`exam_id`,`pid`,`problem_order`,`submit_times`) VALUES ('15','5','5','10') [ RunTime:0.1572s ]

[ 2016-04-04T23:13:18+08:00 ] ::1 /index.php/Home/Problem/add
INFO: [ app_init ] --START--
INFO: Run Behavior\BuildLiteBehavior [ RunTime:0.000000s ]
INFO: [ app_init ] --END-- [ RunTime:0.012695s ]

[ 2016-04-04T23:13:31+08:00 ] ::1 /index.php/Home/Problem/listproblem
INFO: [ app_init ] --START--
INFO: Run Behavior\BuildLiteBehavior [ RunTime:0.000000s ]
INFO: [ app_init ] --END-- [ RunTime:0.000000s ]

[ 2016-04-04T23:14:17+08:00 ] ::1 /index.php/Home/Problem/listproblem
INFO: [ app_init ] --START--
INFO: Run Behavior\BuildLiteBehavior [ RunTime:0.000000s ]
INFO: [ app_init ] --END-- [ RunTime:0.001953s ]

[ 2016-04-04T23:14:24+08:00 ] ::1 /index.php/Home/Problem/listproblem
INFO: [ app_init ] --START--
INFO: Run Behavior\BuildLiteBehavior [ RunTime:0.000000s ]
INFO: [ app_init ] --END-- [ RunTime:0.000976s ]

[ 2016-04-04T23:14:38+08:00 ] ::1 /index.php/Home/Problem/listproblem
INFO: [ app_init ] --START--
INFO: Run Behavior\BuildLiteBehavior [ RunTime:0.000000s ]
INFO: [ app_init ] --END-- [ RunTime:0.000977s ]

[ 2016-04-04T23:14:48+08:00 ] ::1 /index.php/Home/Problem/listproblem
INFO: [ app_init ] --START--
INFO: Run Behavior\BuildLiteBehavior [ RunTime:0.000000s ]
INFO: [ app_init ] --END-- [ RunTime:0.000976s ]

[ 2016-04-04T23:18:56+08:00 ] ::1 /index.php/Home/Problem/listproblem
INFO: [ app_init ] --START--
INFO: Run Behavior\BuildLiteBehavior [ RunTime:0.000000s ]
INFO: [ app_init ] --END-- [ RunTime:0.000976s ]

[ 2016-04-04T23:19:47+08:00 ] ::1 /index.php/Home/Problem/listproblem
INFO: [ app_init ] --START--
INFO: Run Behavior\BuildLiteBehavior [ RunTime:0.000000s ]
INFO: [ app_init ] --END-- [ RunTime:0.000976s ]

[ 2016-04-04T23:20:35+08:00 ] ::1 /index.php/Home/Problem/listproblem
INFO: [ app_init ] --START--
INFO: Run Behavior\BuildLiteBehavior [ RunTime:0.000000s ]
INFO: [ app_init ] --END-- [ RunTime:0.001953s ]

[ 2016-04-04T23:20:59+08:00 ] ::1 /index.php/Home/Problem/listproblem
INFO: [ app_init ] --START--
INFO: Run Behavior\BuildLiteBehavior [ RunTime:0.000000s ]
INFO: [ app_init ] --END-- [ RunTime:0.001953s ]

[ 2016-04-04T23:21:57+08:00 ] ::1 /index.php/Home/Problem/add/id/1.html
INFO: [ app_init ] --START--
INFO: Run Behavior\BuildLiteBehavior [ RunTime:0.000000s ]
INFO: [ app_init ] --END-- [ RunTime:0.000977s ]

[ 2016-04-04T23:22:04+08:00 ] ::1 /index.php/Home/Problem/listproblem
INFO: [ app_init ] --START--
INFO: Run Behavior\BuildLiteBehavior [ RunTime:0.000000s ]
INFO: [ app_init ] --END-- [ RunTime:0.000976s ]

[ 2016-04-04T23:23:17+08:00 ] ::1 /index.php/Home/Problem/listproblem
INFO: [ app_init ] --START--
INFO: Run Behavior\BuildLiteBehavior [ RunTime:0.000000s ]
INFO: [ app_init ] --END-- [ RunTime:0.003906s ]

[ 2016-04-04T23:24:37+08:00 ] ::1 /index.php/Home/Problem/listproblem
INFO: [ app_init ] --START--
INFO: Run Behavior\BuildLiteBehavior [ RunTime:0.000977s ]
INFO: [ app_init ] --END-- [ RunTime:0.001953s ]

[ 2016-04-04T23:24:55+08:00 ] ::1 /index.php/Home/Problem/listproblem
INFO: [ app_init ] --START--
INFO: Run Behavior\BuildLiteBehavior [ RunTime:0.000000s ]
INFO: [ app_init ] --END-- [ RunTime:0.000976s ]

[ 2016-04-04T23:28:03+08:00 ] ::1 /index.php/Home/Problem/listproblem
INFO: [ app_init ] --START--
INFO: Run Behavior\BuildLiteBehavior [ RunTime:0.000000s ]
INFO: [ app_init ] --END-- [ RunTime:0.000977s ]

[ 2016-04-04T23:30:34+08:00 ] ::1 /index.php/Home/Problem/listproblem
INFO: [ app_init ] --START--
INFO: Run Behavior\BuildLiteBehavior [ RunTime:0.000000s ]
INFO: [ app_init ] --END-- [ RunTime:0.001954s ]

[ 2016-04-04T23:30:55+08:00 ] ::1 /index.php/Home/Problem/listproblem
INFO: [ app_init ] --START--
INFO: Run Behavior\BuildLiteBehavior [ RunTime:0.000000s ]
INFO: [ app_init ] --END-- [ RunTime:0.000977s ]

[ 2016-04-04T23:30:57+08:00 ] ::1 /index.php/Home/Problem/listproblem
INFO: [ app_init ] --START--
INFO: Run Behavior\BuildLiteBehavior [ RunTime:0.000000s ]
INFO: [ app_init ] --END-- [ RunTime:0.001953s ]

[ 2016-04-04T23:32:46+08:00 ] ::1 /index.php/Home/Problem/listproblem
INFO: [ app_init ] --START--
INFO: Run Behavior\BuildLiteBehavior [ RunTime:0.000000s ]
INFO: [ app_init ] --END-- [ RunTime:0.001953s ]

[ 2016-04-04T23:33:11+08:00 ] ::1 /index.php/Home/Problem/listproblem
INFO: [ app_init ] --START--
INFO: Run Behavior\BuildLiteBehavior [ RunTime:0.000000s ]
INFO: [ app_init ] --END-- [ RunTime:0.000976s ]

[ 2016-04-04T23:33:50+08:00 ] ::1 /index.php/Home/Problem/listproblem
INFO: [ app_init ] --START--
INFO: Run Behavior\BuildLiteBehavior [ RunTime:0.000000s ]
INFO: [ app_init ] --END-- [ RunTime:0.001953s ]

[ 2016-04-04T23:34:14+08:00 ] ::1 /index.php/Home/Problem/add
INFO: [ app_init ] --START--
INFO: Run Behavior\BuildLiteBehavior [ RunTime:0.000000s ]
INFO: [ app_init ] --END-- [ RunTime:0.000977s ]

[ 2016-04-04T23:35:37+08:00 ] ::1 /index.php/Home/Problem/add
INFO: [ app_init ] --START--
INFO: Run Behavior\BuildLiteBehavior [ RunTime:0.000000s ]
INFO: [ app_init ] --END-- [ RunTime:0.000976s ]

[ 2016-04-04T23:35:39+08:00 ] ::1 /index.php/Home/Problem/add
INFO: [ app_init ] --START--
INFO: Run Behavior\BuildLiteBehavior [ RunTime:0.000000s ]
INFO: [ app_init ] --END-- [ RunTime:0.001953s ]

[ 2016-04-04T23:36:12+08:00 ] ::1 /index.php/Home/Problem/listproblem
INFO: [ app_init ] --START--
INFO: Run Behavior\BuildLiteBehavior [ RunTime:0.000000s ]
INFO: [ app_init ] --END-- [ RunTime:0.000976s ]

[ 2016-04-04T23:36:16+08:00 ] ::1 /index.php/Home/Problem/listproblem/p/2.html
INFO: [ app_init ] --START--
INFO: Run Behavior\BuildLiteBehavior [ RunTime:0.000000s ]
INFO: [ app_init ] --END-- [ RunTime:0.000977s ]

[ 2016-04-04T23:36:18+08:00 ] ::1 /index.php/Home/Problem/listproblem/p/1.html
INFO: [ app_init ] --START--
INFO: Run Behavior\BuildLiteBehavior [ RunTime:0.000976s ]
INFO: [ app_init ] --END-- [ RunTime:0.002929s ]

[ 2016-04-04T23:43:35+08:00 ] ::1 /index.php/Home/Problem/listproblem/p/1.html
INFO: [ app_init ] --START--
INFO: Run Behavior\BuildLiteBehavior [ RunTime:0.000977s ]
INFO: [ app_init ] --END-- [ RunTime:0.000977s ]

[ 2016-04-04T23:43:38+08:00 ] ::1 /index.php/Home/Problem/listproblem/p/2.html
INFO: [ app_init ] --START--
INFO: Run Behavior\BuildLiteBehavior [ RunTime:0.000000s ]
INFO: [ app_init ] --END-- [ RunTime:0.001953s ]

[ 2016-04-04T23:43:40+08:00 ] ::1 /index.php/Home/Problem/listproblem/p/1.html
INFO: [ app_init ] --START--
INFO: Run Behavior\BuildLiteBehavior [ RunTime:0.000000s ]
INFO: [ app_init ] --END-- [ RunTime:0.001953s ]

[ 2016-04-04T23:43:41+08:00 ] ::1 /index.php/Home/Problem/listproblem/p/2.html
INFO: [ app_init ] --START--
INFO: Run Behavior\BuildLiteBehavior [ RunTime:0.000000s ]
INFO: [ app_init ] --END-- [ RunTime:0.001953s ]

[ 2016-04-04T23:47:47+08:00 ] ::1 /index.php/Home/Problem/listproblem/p/2.html
INFO: [ app_init ] --START--
INFO: Run Behavior\BuildLiteBehavior [ RunTime:0.000000s ]
INFO: [ app_init ] --END-- [ RunTime:0.000976s ]

[ 2016-04-04T23:47:49+08:00 ] ::1 /index.php/Home/Problem/listproblem/p/2.html
INFO: [ app_init ] --START--
INFO: Run Behavior\BuildLiteBehavior [ RunTime:0.000000s ]
INFO: [ app_init ] --END-- [ RunTime:0.000977s ]

[ 2016-04-04T23:47:51+08:00 ] ::1 /index.php/Home/Problem/listproblem/p/1.html
INFO: [ app_init ] --START--
INFO: Run Behavior\BuildLiteBehavior [ RunTime:0.000000s ]
INFO: [ app_init ] --END-- [ RunTime:0.000976s ]

[ 2016-04-04T23:47:52+08:00 ] ::1 /index.php/Home/Problem/listproblem/p/2.html
INFO: [ app_init ] --START--
INFO: Run Behavior\BuildLiteBehavior [ RunTime:0.000000s ]
INFO: [ app_init ] --END-- [ RunTime:0.001953s ]

[ 2016-04-04T23:47:54+08:00 ] ::1 /index.php/Home/Problem/listproblem/p/1.html
INFO: [ app_init ] --START--
INFO: Run Behavior\BuildLiteBehavior [ RunTime:0.000976s ]
INFO: [ app_init ] --END-- [ RunTime:0.001953s ]

[ 2016-04-04T23:47:55+08:00 ] ::1 /index.php/Home/Problem/listproblem/p/2.html
INFO: [ app_init ] --START--
INFO: Run Behavior\BuildLiteBehavior [ RunTime:0.000000s ]
INFO: [ app_init ] --END-- [ RunTime:0.002929s ]

[ 2016-04-04T23:47:56+08:00 ] ::1 /index.php/Home/Problem/listproblem/p/1.html
INFO: [ app_init ] --START--
INFO: Run Behavior\BuildLiteBehavior [ RunTime:0.000000s ]
INFO: [ app_init ] --END-- [ RunTime:0.001953s ]

[ 2016-04-04T23:48:02+08:00 ] ::1 /index.php/Home/Problem/listproblem/p/2.html
INFO: [ app_init ] --START--
INFO: Run Behavior\BuildLiteBehavior [ RunTime:0.000000s ]
INFO: [ app_init ] --END-- [ RunTime:0.001953s ]

[ 2016-04-04T23:57:23+08:00 ] ::1 /index.php/Home/Problem/listproblem/p/2.html
INFO: [ app_init ] --START--
INFO: Run Behavior\BuildLiteBehavior [ RunTime:0.000000s ]
INFO: [ app_init ] --END-- [ RunTime:0.000977s ]

[ 2016-04-04T23:57:24+08:00 ] ::1 /index.php/Home/Problem/listproblem/p/2.html
INFO: [ app_init ] --START--
INFO: Run Behavior\BuildLiteBehavior [ RunTime:0.000000s ]
INFO: [ app_init ] --END-- [ RunTime:0.000976s ]

[ 2016-04-04T23:57:26+08:00 ] ::1 /index.php/Home/Problem/listproblem/p/1.html
INFO: [ app_init ] --START--
INFO: Run Behavior\BuildLiteBehavior [ RunTime:0.000000s ]
INFO: [ app_init ] --END-- [ RunTime:0.001953s ]

[ 2016-04-04T23:57:27+08:00 ] ::1 /index.php/Home/Problem/listproblem/p/2.html
INFO: [ app_init ] --START--
INFO: Run Behavior\BuildLiteBehavior [ RunTime:0.000000s ]
INFO: [ app_init ] --END-- [ RunTime:0.000977s ]

[ 2016-04-04T23:59:03+08:00 ] ::1 /index.php/Home/Problem/listproblem/p/2.html
INFO: [ app_init ] --START--
INFO: Run Behavior\BuildLiteBehavior [ RunTime:0.000000s ]
INFO: [ app_init ] --END-- [ RunTime:0.000976s ]

[ 2016-04-04T23:59:07+08:00 ] ::1 /index.php/Home/Problem/listproblem/p/1.html
INFO: [ app_init ] --START--
INFO: Run Behavior\BuildLiteBehavior [ RunTime:0.000000s ]
INFO: [ app_init ] --END-- [ RunTime:0.000977s ]

[ 2016-04-04T23:59:08+08:00 ] ::1 /index.php/Home/Problem/listproblem/p/2.html
INFO: [ app_init ] --START--
INFO: Run Behavior\BuildLiteBehavior [ RunTime:0.000976s ]
INFO: [ app_init ] --END-- [ RunTime:0.000976s ]

[ 2016-04-04T23:59:08+08:00 ] ::1 /index.php/Home/Problem/listproblem/p/3.html
INFO: [ app_init ] --START--
INFO: Run Behavior\BuildLiteBehavior [ RunTime:0.000000s ]
INFO: [ app_init ] --END-- [ RunTime:0.001953s ]

[ 2016-04-04T23:59:09+08:00 ] ::1 /index.php/Home/Problem/listproblem/p/4.html
INFO: [ app_init ] --START--
INFO: Run Behavior\BuildLiteBehavior [ RunTime:0.000000s ]
INFO: [ app_init ] --END-- [ RunTime:0.000977s ]

[ 2016-04-04T23:59:47+08:00 ] ::1 /index.php/Home/Problem/listproblem/p/4.html
INFO: [ app_init ] --START--
INFO: Run Behavior\BuildLiteBehavior [ RunTime:0.000000s ]
INFO: [ app_init ] --END-- [ RunTime:0.001953s ]

[ 2016-04-04T23:59:51+08:00 ] ::1 /index.php/Home/Problem/listproblem/p/1.html
INFO: [ app_init ] --START--
INFO: Run Behavior\BuildLiteBehavior [ RunTime:0.000000s ]
INFO: [ app_init ] --END-- [ RunTime:0.001953s ]

[ 2016-04-04T23:59:52+08:00 ] ::1 /index.php/Home/Problem/listproblem/p/3.html
INFO: [ app_init ] --START--
INFO: Run Behavior\BuildLiteBehavior [ RunTime:0.000000s ]
INFO: [ app_init ] --END-- [ RunTime:0.000977s ]

