[ 2016-04-06T10:51:32+08:00 ] ::1 /
INFO: [ app_init ] --START--
INFO: Run Behavior\BuildLiteBehavior [ RunTime:0.000000s ]
INFO: [ app_init ] --END-- [ RunTime:0.036133s ]

[ 2016-04-06T10:51:34+08:00 ] ::1 /index.php/Home/Login/login.html
INFO: [ app_init ] --START--
INFO: Run Behavior\BuildLiteBehavior [ RunTime:0.000000s ]
INFO: [ app_init ] --END-- [ RunTime:0.001953s ]

[ 2016-04-06T10:51:40+08:00 ] ::1 /index.php/Home/Login/login.html
INFO: [ app_init ] --START--
INFO: Run Behavior\BuildLiteBehavior [ RunTime:0.000976s ]
INFO: [ app_init ] --END-- [ RunTime:0.001953s ]

[ 2016-04-06T10:51:41+08:00 ] ::1 /index.php/Home/Index/index.html
INFO: [ app_init ] --START--
INFO: Run Behavior\BuildLiteBehavior [ RunTime:0.000000s ]
INFO: [ app_init ] --END-- [ RunTime:0.000977s ]

[ 2016-04-06T10:51:47+08:00 ] ::1 /index.php/Home/Problem/listproblem
INFO: [ app_init ] --START--
INFO: Run Behavior\BuildLiteBehavior [ RunTime:0.000000s ]
INFO: [ app_init ] --END-- [ RunTime:0.001953s ]

[ 2016-04-06T10:53:05+08:00 ] ::1 /index.php/Home/Problem/listproblem
INFO: [ app_init ] --START--
INFO: Run Behavior\BuildLiteBehavior [ RunTime:0.000000s ]
INFO: [ app_init ] --END-- [ RunTime:0.000976s ]

[ 2016-04-06T10:53:06+08:00 ] ::1 /index.php/Home/Problem/showproblem/pid/1.html
INFO: [ app_init ] --START--
INFO: Run Behavior\BuildLiteBehavior [ RunTime:0.000976s ]
INFO: [ app_init ] --END-- [ RunTime:0.000976s ]

[ 2016-04-06T10:54:24+08:00 ] ::1 /index.php/Home/Problem/showproblem/pid/1.html
INFO: [ app_init ] --START--
INFO: Run Behavior\BuildLiteBehavior [ RunTime:0.000000s ]
INFO: [ app_init ] --END-- [ RunTime:0.000977s ]

[ 2016-04-06T10:56:37+08:00 ] ::1 /index.php/Home/Problem/judgeproblem.html
INFO: [ app_init ] --START--
INFO: Run Behavior\BuildLiteBehavior [ RunTime:0.000000s ]
INFO: [ app_init ] --END-- [ RunTime:0.000976s ]

[ 2016-04-06T10:57:00+08:00 ] ::1 /index.php/Home/Problem/showproblem/pid/1.html
INFO: [ app_init ] --START--
INFO: Run Behavior\BuildLiteBehavior [ RunTime:0.000000s ]
INFO: [ app_init ] --END-- [ RunTime:0.000977s ]

[ 2016-04-06T10:57:02+08:00 ] ::1 /index.php/Home/Problem/judgeproblem.html
INFO: [ app_init ] --START--
INFO: Run Behavior\BuildLiteBehavior [ RunTime:0.000000s ]
INFO: [ app_init ] --END-- [ RunTime:0.000976s ]

[ 2016-04-06T10:57:37+08:00 ] ::1 /index.php/Home/Problem/showproblem/pid/1.html
INFO: [ app_init ] --START--
INFO: Run Behavior\BuildLiteBehavior [ RunTime:0.000000s ]
INFO: [ app_init ] --END-- [ RunTime:0.000977s ]

[ 2016-04-06T10:57:40+08:00 ] ::1 /index.php/Home/Problem/judgeproblem.html
INFO: [ app_init ] --START--
INFO: Run Behavior\BuildLiteBehavior [ RunTime:0.000000s ]
INFO: [ app_init ] --END-- [ RunTime:0.000976s ]

[ 2016-04-06T11:00:10+08:00 ] ::1 /index.php/Home/Problem/showproblem/pid/1.html
INFO: [ app_init ] --START--
INFO: Run Behavior\BuildLiteBehavior [ RunTime:0.000000s ]
INFO: [ app_init ] --END-- [ RunTime:0.000977s ]

[ 2016-04-06T11:00:12+08:00 ] ::1 /index.php/Home/Problem/judgeproblem.html
INFO: [ app_init ] --START--
INFO: Run Behavior\BuildLiteBehavior [ RunTime:0.000000s ]
INFO: [ app_init ] --END-- [ RunTime:0.001953s ]

[ 2016-04-06T12:09:25+08:00 ] ::1 /
INFO: [ app_init ] --START--
INFO: Run Behavior\BuildLiteBehavior [ RunTime:0.000000s ]
INFO: [ app_init ] --END-- [ RunTime:0.002929s ]

[ 2016-04-06T12:09:37+08:00 ] ::1 /index.php/Home/Problem/listproblem
INFO: [ app_init ] --START--
INFO: Run Behavior\BuildLiteBehavior [ RunTime:0.000000s ]
INFO: [ app_init ] --END-- [ RunTime:0.000977s ]

[ 2016-04-06T12:09:39+08:00 ] ::1 /index.php/Home/Problem/showproblem/pid/1.html
INFO: [ app_init ] --START--
INFO: Run Behavior\BuildLiteBehavior [ RunTime:0.000000s ]
INFO: [ app_init ] --END-- [ RunTime:0.002930s ]

[ 2016-04-06T12:09:45+08:00 ] ::1 /index.php/Home/Problem/judgeproblem.html
INFO: [ app_init ] --START--
INFO: Run Behavior\BuildLiteBehavior [ RunTime:0.000000s ]
INFO: [ app_init ] --END-- [ RunTime:0.002930s ]

[ 2016-04-06T12:10:04+08:00 ] ::1 /index.php/Home/Problem/judgeproblem.html
INFO: [ app_init ] --START--
INFO: Run Behavior\BuildLiteBehavior [ RunTime:0.000000s ]
INFO: [ app_init ] --END-- [ RunTime:0.000976s ]

[ 2016-04-06T12:10:33+08:00 ] ::1 /index.php/Home/Problem/judgeproblem.html
INFO: [ app_init ] --START--
INFO: Run Behavior\BuildLiteBehavior [ RunTime:0.000000s ]
INFO: [ app_init ] --END-- [ RunTime:0.000976s ]

[ 2016-04-06T12:10:49+08:00 ] ::1 /index.php/Home/Problem/judgeproblem.html
INFO: [ app_init ] --START--
INFO: Run Behavior\BuildLiteBehavior [ RunTime:0.000000s ]
INFO: [ app_init ] --END-- [ RunTime:0.000977s ]

[ 2016-04-06T12:32:50+08:00 ] ::1 /index.php/Home/Problem/judgeproblem.html
INFO: [ app_init ] --START--
INFO: Run Behavior\BuildLiteBehavior [ RunTime:0.000000s ]
INFO: [ app_init ] --END-- [ RunTime:0.000977s ]

[ 2016-04-06T12:33:04+08:00 ] ::1 /index.php/Home/Problem/judgeproblem.html
INFO: [ app_init ] --START--
INFO: Run Behavior\BuildLiteBehavior [ RunTime:0.000000s ]
INFO: [ app_init ] --END-- [ RunTime:0.000976s ]

[ 2016-04-06T12:33:59+08:00 ] ::1 /index.php/Home/Problem/judgeproblem.html
INFO: [ app_init ] --START--
INFO: Run Behavior\BuildLiteBehavior [ RunTime:0.000000s ]
INFO: [ app_init ] --END-- [ RunTime:0.001953s ]

[ 2016-04-06T12:35:18+08:00 ] ::1 /index.php/Home/Problem/judgeproblem.html
INFO: [ app_init ] --START--
INFO: Run Behavior\BuildLiteBehavior [ RunTime:0.000000s ]
INFO: [ app_init ] --END-- [ RunTime:0.000977s ]

[ 2016-04-06T14:22:40+08:00 ] ::1 /index.php/Home/Problem/judgeproblem.html
INFO: [ app_init ] --START--
INFO: Run Behavior\BuildLiteBehavior [ RunTime:0.000000s ]
INFO: [ app_init ] --END-- [ RunTime:0.000977s ]

[ 2016-04-06T14:23:13+08:00 ] ::1 /index.php/Home/Problem/judgeproblem.html
INFO: [ app_init ] --START--
INFO: Run Behavior\BuildLiteBehavior [ RunTime:0.000000s ]
INFO: [ app_init ] --END-- [ RunTime:0.001953s ]

[ 2016-04-06T14:23:28+08:00 ] ::1 /index.php/Home/Problem/judgeproblem.html
INFO: [ app_init ] --START--
INFO: Run Behavior\BuildLiteBehavior [ RunTime:0.000000s ]
INFO: [ app_init ] --END-- [ RunTime:0.001953s ]

[ 2016-04-06T14:23:42+08:00 ] ::1 /index.php/Home/Problem/judgeproblem.html
INFO: [ app_init ] --START--
INFO: Run Behavior\BuildLiteBehavior [ RunTime:0.000000s ]
INFO: [ app_init ] --END-- [ RunTime:0.000976s ]

[ 2016-04-06T14:24:14+08:00 ] ::1 /index.php/Home/Problem/judgeproblem.html
INFO: [ app_init ] --START--
INFO: Run Behavior\BuildLiteBehavior [ RunTime:0.000000s ]
INFO: [ app_init ] --END-- [ RunTime:0.002930s ]

[ 2016-04-06T14:27:27+08:00 ] ::1 /index.php/Home/Problem/judgeproblem.html
INFO: [ app_init ] --START--
INFO: Run Behavior\BuildLiteBehavior [ RunTime:0.000000s ]
INFO: [ app_init ] --END-- [ RunTime:0.000977s ]

[ 2016-04-06T14:27:30+08:00 ] ::1 /index.php/Home/Problem/judgeproblem.html
INFO: [ app_init ] --START--
INFO: Run Behavior\BuildLiteBehavior [ RunTime:0.000000s ]
INFO: [ app_init ] --END-- [ RunTime:0.000976s ]

[ 2016-04-06T14:30:39+08:00 ] ::1 /
INFO: [ app_init ] --START--
INFO: Run Behavior\BuildLiteBehavior [ RunTime:0.000000s ]
INFO: [ app_init ] --END-- [ RunTime:0.000976s ]

[ 2016-04-06T14:30:47+08:00 ] ::1 /index.php/Home/Problem/listproblem
INFO: [ app_init ] --START--
INFO: Run Behavior\BuildLiteBehavior [ RunTime:0.000000s ]
INFO: [ app_init ] --END-- [ RunTime:0.000977s ]

[ 2016-04-06T14:30:49+08:00 ] ::1 /index.php/Home/Problem/showproblem/pid/1.html
INFO: [ app_init ] --START--
INFO: Run Behavior\BuildLiteBehavior [ RunTime:0.000000s ]
INFO: [ app_init ] --END-- [ RunTime:0.000977s ]

[ 2016-04-06T14:30:53+08:00 ] ::1 /index.php/Home/Problem/judgeproblem.html
INFO: [ app_init ] --START--
INFO: Run Behavior\BuildLiteBehavior [ RunTime:0.000000s ]
INFO: [ app_init ] --END-- [ RunTime:0.001953s ]

[ 2016-04-06T14:32:40+08:00 ] ::1 /index.php/Home/Problem/judgeproblem.html
INFO: [ app_init ] --START--
INFO: Run Behavior\BuildLiteBehavior [ RunTime:0.000000s ]
INFO: [ app_init ] --END-- [ RunTime:0.001954s ]

[ 2016-04-06T14:33:28+08:00 ] ::1 /index.php/Home/Problem/judgeproblem.html
INFO: [ app_init ] --START--
INFO: Run Behavior\BuildLiteBehavior [ RunTime:0.000000s ]
INFO: [ app_init ] --END-- [ RunTime:0.000977s ]

[ 2016-04-06T14:33:56+08:00 ] ::1 /index.php/Home/Problem/judgeproblem.html
INFO: [ app_init ] --START--
INFO: Run Behavior\BuildLiteBehavior [ RunTime:0.000000s ]
INFO: [ app_init ] --END-- [ RunTime:0.000976s ]

[ 2016-04-06T14:34:24+08:00 ] ::1 /index.php/Home/Problem/judgeproblem.html
INFO: [ app_init ] --START--
INFO: Run Behavior\BuildLiteBehavior [ RunTime:0.000000s ]
INFO: [ app_init ] --END-- [ RunTime:0.001954s ]

[ 2016-04-06T14:34:37+08:00 ] ::1 /index.php/Home/Problem/judgeproblem.html
INFO: [ app_init ] --START--
INFO: Run Behavior\BuildLiteBehavior [ RunTime:0.000000s ]
INFO: [ app_init ] --END-- [ RunTime:0.000977s ]

[ 2016-04-06T14:34:50+08:00 ] ::1 /index.php/Home/Problem/judgeproblem.html
INFO: [ app_init ] --START--
INFO: Run Behavior\BuildLiteBehavior [ RunTime:0.000000s ]
INFO: [ app_init ] --END-- [ RunTime:0.000976s ]

[ 2016-04-06T14:35:06+08:00 ] ::1 /index.php/Home/Problem/judgeproblem.html
INFO: [ app_init ] --START--
INFO: Run Behavior\BuildLiteBehavior [ RunTime:0.000000s ]
INFO: [ app_init ] --END-- [ RunTime:0.000976s ]

[ 2016-04-06T14:36:41+08:00 ] ::1 /index.php/Home/Problem/judgeproblem.html
INFO: [ app_init ] --START--
INFO: Run Behavior\BuildLiteBehavior [ RunTime:0.000000s ]
INFO: [ app_init ] --END-- [ RunTime:0.000976s ]

[ 2016-04-06T14:39:23+08:00 ] ::1 /index.php/Home/Problem/judgeproblem.html
INFO: [ app_init ] --START--
INFO: Run Behavior\BuildLiteBehavior [ RunTime:0.000000s ]
INFO: [ app_init ] --END-- [ RunTime:0.000976s ]

[ 2016-04-06T14:39:27+08:00 ] ::1 /index.php/Home/Problem/judgeproblem.html
INFO: [ app_init ] --START--
INFO: Run Behavior\BuildLiteBehavior [ RunTime:0.000000s ]
INFO: [ app_init ] --END-- [ RunTime:0.000000s ]

[ 2016-04-06T14:40:25+08:00 ] ::1 /index.php/Home/Problem/judgeproblem.html
INFO: [ app_init ] --START--
INFO: Run Behavior\BuildLiteBehavior [ RunTime:0.000000s ]
INFO: [ app_init ] --END-- [ RunTime:0.000976s ]

[ 2016-04-06T14:40:29+08:00 ] ::1 /index.php/Home/Problem/judgeproblem.html
INFO: [ app_init ] --START--
INFO: Run Behavior\BuildLiteBehavior [ RunTime:0.000000s ]
INFO: [ app_init ] --END-- [ RunTime:0.001954s ]

[ 2016-04-06T14:40:54+08:00 ] ::1 /index.php/Home/Problem/judgeproblem.html
INFO: [ app_init ] --START--
INFO: Run Behavior\BuildLiteBehavior [ RunTime:0.000000s ]
INFO: [ app_init ] --END-- [ RunTime:0.000977s ]

[ 2016-04-06T14:42:30+08:00 ] ::1 /index.php/Home/Problem/judgeproblem.html
INFO: [ app_init ] --START--
INFO: Run Behavior\BuildLiteBehavior [ RunTime:0.000000s ]
INFO: [ app_init ] --END-- [ RunTime:0.000976s ]

[ 2016-04-06T14:43:12+08:00 ] ::1 /index.php/Home/Problem/judgeproblem.html
INFO: [ app_init ] --START--
INFO: Run Behavior\BuildLiteBehavior [ RunTime:0.000000s ]
INFO: [ app_init ] --END-- [ RunTime:0.000976s ]

[ 2016-04-06T14:43:45+08:00 ] ::1 /index.php/Home/Problem/judgeproblem.html
INFO: [ app_init ] --START--
INFO: Run Behavior\BuildLiteBehavior [ RunTime:0.000000s ]
INFO: [ app_init ] --END-- [ RunTime:0.000977s ]

[ 2016-04-06T14:44:08+08:00 ] ::1 /index.php/Home/Problem/judgeproblem.html
INFO: [ app_init ] --START--
INFO: Run Behavior\BuildLiteBehavior [ RunTime:0.000000s ]
INFO: [ app_init ] --END-- [ RunTime:0.000000s ]

[ 2016-04-06T14:45:00+08:00 ] ::1 /index.php/Home/Problem/judgeproblem.html
INFO: [ app_init ] --START--
INFO: Run Behavior\BuildLiteBehavior [ RunTime:0.000000s ]
INFO: [ app_init ] --END-- [ RunTime:0.000976s ]

[ 2016-04-06T14:47:08+08:00 ] ::1 /index.php/Home/Problem/judgeproblem.html
INFO: [ app_init ] --START--
INFO: Run Behavior\BuildLiteBehavior [ RunTime:0.000000s ]
INFO: [ app_init ] --END-- [ RunTime:0.000977s ]

[ 2016-04-06T14:47:38+08:00 ] ::1 /index.php/Home/Problem/judgeproblem.html
INFO: [ app_init ] --START--
INFO: Run Behavior\BuildLiteBehavior [ RunTime:0.000000s ]
INFO: [ app_init ] --END-- [ RunTime:0.000977s ]

[ 2016-04-06T14:52:25+08:00 ] ::1 /index.php/Home/Problem/judgeproblem.html
INFO: [ app_init ] --START--
INFO: Run Behavior\BuildLiteBehavior [ RunTime:0.000000s ]
INFO: [ app_init ] --END-- [ RunTime:0.000977s ]

[ 2016-04-06T14:52:52+08:00 ] ::1 /index.php/Home/Problem/judgeproblem.html
INFO: [ app_init ] --START--
INFO: Run Behavior\BuildLiteBehavior [ RunTime:0.000000s ]
INFO: [ app_init ] --END-- [ RunTime:0.000976s ]

[ 2016-04-06T14:53:08+08:00 ] ::1 /index.php/Home/Problem/judgeproblem.html
INFO: [ app_init ] --START--
INFO: Run Behavior\BuildLiteBehavior [ RunTime:0.000000s ]
INFO: [ app_init ] --END-- [ RunTime:0.000977s ]

[ 2016-04-06T14:54:25+08:00 ] ::1 /index.php/Home/Problem/judgeproblem.html
INFO: [ app_init ] --START--
INFO: Run Behavior\BuildLiteBehavior [ RunTime:0.000000s ]
INFO: [ app_init ] --END-- [ RunTime:0.000000s ]

[ 2016-04-06T14:54:42+08:00 ] ::1 /index.php/Home/Problem/judgeproblem.html
INFO: [ app_init ] --START--
INFO: Run Behavior\BuildLiteBehavior [ RunTime:0.000000s ]
INFO: [ app_init ] --END-- [ RunTime:0.000977s ]

[ 2016-04-06T14:55:13+08:00 ] ::1 /index.php/Home/Problem/listproblem/p/2.html
INFO: [ app_init ] --START--
INFO: Run Behavior\BuildLiteBehavior [ RunTime:0.000000s ]
INFO: [ app_init ] --END-- [ RunTime:0.000977s ]

[ 2016-04-06T14:55:15+08:00 ] ::1 /index.php/Home/Problem/showproblem/pid/2.html
INFO: [ app_init ] --START--
INFO: Run Behavior\BuildLiteBehavior [ RunTime:0.000000s ]
INFO: [ app_init ] --END-- [ RunTime:0.000976s ]

[ 2016-04-06T14:55:25+08:00 ] ::1 /index.php/Home/Problem/judgeproblem.html
INFO: [ app_init ] --START--
INFO: Run Behavior\BuildLiteBehavior [ RunTime:0.000977s ]
INFO: [ app_init ] --END-- [ RunTime:0.000977s ]

[ 2016-04-06T14:55:34+08:00 ] ::1 /index.php/Home/Problem/judgeproblem.html
INFO: [ app_init ] --START--
INFO: Run Behavior\BuildLiteBehavior [ RunTime:0.000000s ]
INFO: [ app_init ] --END-- [ RunTime:0.000976s ]

[ 2016-04-06T14:55:49+08:00 ] ::1 /index.php/Home/Problem/judgeproblem.html
INFO: [ app_init ] --START--
INFO: Run Behavior\BuildLiteBehavior [ RunTime:0.000000s ]
INFO: [ app_init ] --END-- [ RunTime:0.000977s ]

[ 2016-04-06T15:03:01+08:00 ] ::1 /index.php/Home/Problem/judgeproblem.html
INFO: [ app_init ] --START--
INFO: Run Behavior\BuildLiteBehavior [ RunTime:0.000000s ]
INFO: [ app_init ] --END-- [ RunTime:0.000977s ]

[ 2016-04-06T15:03:34+08:00 ] ::1 /index.php/Home/Problem/judgeproblem.html
INFO: [ app_init ] --START--
INFO: Run Behavior\BuildLiteBehavior [ RunTime:0.000000s ]
INFO: [ app_init ] --END-- [ RunTime:0.000977s ]

[ 2016-04-06T15:04:10+08:00 ] ::1 /index.php/Home/Problem/judgeproblem.html
INFO: [ app_init ] --START--
INFO: Run Behavior\BuildLiteBehavior [ RunTime:0.000000s ]
INFO: [ app_init ] --END-- [ RunTime:0.000977s ]

[ 2016-04-06T15:04:36+08:00 ] ::1 /index.php/Home/Problem/judgeproblem.html
INFO: [ app_init ] --START--
INFO: Run Behavior\BuildLiteBehavior [ RunTime:0.000000s ]
INFO: [ app_init ] --END-- [ RunTime:0.000977s ]

[ 2016-04-06T15:04:58+08:00 ] ::1 /index.php/Home/Problem/judgeproblem.html
INFO: [ app_init ] --START--
INFO: Run Behavior\BuildLiteBehavior [ RunTime:0.000000s ]
INFO: [ app_init ] --END-- [ RunTime:0.000977s ]

[ 2016-04-06T15:05:55+08:00 ] ::1 /index.php/Home/Problem/judgeproblem.html
INFO: [ app_init ] --START--
INFO: Run Behavior\BuildLiteBehavior [ RunTime:0.000000s ]
INFO: [ app_init ] --END-- [ RunTime:0.000976s ]

[ 2016-04-06T15:07:29+08:00 ] ::1 /index.php/Home/Problem/judgeproblem.html
INFO: [ app_init ] --START--
INFO: Run Behavior\BuildLiteBehavior [ RunTime:0.000000s ]
INFO: [ app_init ] --END-- [ RunTime:0.000977s ]

[ 2016-04-06T15:48:54+08:00 ] ::1 /index.php/Home/Problem/judgeproblem.html
INFO: [ app_init ] --START--
INFO: Run Behavior\BuildLiteBehavior [ RunTime:0.000000s ]
INFO: [ app_init ] --END-- [ RunTime:0.001953s ]

[ 2016-04-06T15:48:54+08:00 ] ::1 /index.php/Home/Status/status.html
INFO: [ app_init ] --START--
INFO: Run Behavior\BuildLiteBehavior [ RunTime:0.000976s ]
INFO: [ app_init ] --END-- [ RunTime:0.001953s ]
ERR: Êó†Ê≥ïÂä†ËΩΩÊéßÂà∂Âô®:Status

[ 2016-04-06T15:49:30+08:00 ] ::1 /index.php/Home/Problem/judgeproblem.html
INFO: [ app_init ] --START--
INFO: Run Behavior\BuildLiteBehavior [ RunTime:0.000976s ]
INFO: [ app_init ] --END-- [ RunTime:0.001953s ]

[ 2016-04-06T15:50:28+08:00 ] ::1 /index.php/Home/Problem/Status/status
INFO: [ app_init ] --START--
INFO: Run Behavior\BuildLiteBehavior [ RunTime:0.000000s ]
INFO: [ app_init ] --END-- [ RunTime:0.001953s ]
ERR: ÈùûÊ≥ïÊìç‰Ωú:Status

[ 2016-04-06T15:50:43+08:00 ] ::1 /index.php/Home/Status/status
INFO: [ app_init ] --START--
INFO: Run Behavior\BuildLiteBehavior [ RunTime:0.000000s ]
INFO: [ app_init ] --END-- [ RunTime:0.000976s ]
ERR: Êó†Ê≥ïÂä†ËΩΩÊéßÂà∂Âô®:Status

[ 2016-04-06T15:50:52+08:00 ] ::1 /index.php/Home/Status/status
INFO: [ app_init ] --START--
INFO: Run Behavior\BuildLiteBehavior [ RunTime:0.000000s ]
INFO: [ app_init ] --END-- [ RunTime:0.001953s ]

[ 2016-04-06T15:50:58+08:00 ] ::1 /index.php/Home/Problem/Status/status
INFO: [ app_init ] --START--
INFO: Run Behavior\BuildLiteBehavior [ RunTime:0.000976s ]
INFO: [ app_init ] --END-- [ RunTime:0.001953s ]
ERR: ÈùûÊ≥ïÊìç‰Ωú:Status

[ 2016-04-06T15:51:00+08:00 ] ::1 /index.php/Home/Problem/judgeproblem.html
INFO: [ app_init ] --START--
INFO: Run Behavior\BuildLiteBehavior [ RunTime:0.000000s ]
INFO: [ app_init ] --END-- [ RunTime:0.001953s ]

[ 2016-04-06T15:51:17+08:00 ] ::1 /index.php/Home/Problem/judgeproblem.html
INFO: [ app_init ] --START--
INFO: Run Behavior\BuildLiteBehavior [ RunTime:0.000977s ]
INFO: [ app_init ] --END-- [ RunTime:0.001953s ]

[ 2016-04-06T15:51:18+08:00 ] ::1 /index.php/Home/Status/status.html
INFO: [ app_init ] --START--
INFO: Run Behavior\BuildLiteBehavior [ RunTime:0.000977s ]
INFO: [ app_init ] --END-- [ RunTime:0.001954s ]

[ 2016-04-06T15:51:37+08:00 ] ::1 /index.php/Home/Problem/judgeproblem.html
INFO: [ app_init ] --START--
INFO: Run Behavior\BuildLiteBehavior [ RunTime:0.000000s ]
INFO: [ app_init ] --END-- [ RunTime:0.000976s ]

[ 2016-04-06T15:51:37+08:00 ] ::1 /index.php/Home/Status/status.html
INFO: [ app_init ] --START--
INFO: Run Behavior\BuildLiteBehavior [ RunTime:0.000000s ]
INFO: [ app_init ] --END-- [ RunTime:0.001953s ]

[ 2016-04-06T15:51:39+08:00 ] ::1 /index.php/Home/Status/status/p/6.html
INFO: [ app_init ] --START--
INFO: Run Behavior\BuildLiteBehavior [ RunTime:0.000000s ]
INFO: [ app_init ] --END-- [ RunTime:0.009765s ]

[ 2016-04-06T15:51:40+08:00 ] ::1 /index.php/Home/Status/status/p/3.html
INFO: [ app_init ] --START--
INFO: Run Behavior\BuildLiteBehavior [ RunTime:0.000000s ]
INFO: [ app_init ] --END-- [ RunTime:0.001953s ]

[ 2016-04-06T15:51:41+08:00 ] ::1 /index.php/Home/Status/status/p/2.html
INFO: [ app_init ] --START--
INFO: Run Behavior\BuildLiteBehavior [ RunTime:0.000000s ]
INFO: [ app_init ] --END-- [ RunTime:0.000976s ]

[ 2016-04-06T15:51:42+08:00 ] ::1 /index.php/Home/Status/status/p/5.html
INFO: [ app_init ] --START--
INFO: Run Behavior\BuildLiteBehavior [ RunTime:0.000000s ]
INFO: [ app_init ] --END-- [ RunTime:0.001953s ]

[ 2016-04-06T15:51:43+08:00 ] ::1 /index.php/Home/Status/status/p/6.html
INFO: [ app_init ] --START--
INFO: Run Behavior\BuildLiteBehavior [ RunTime:0.000977s ]
INFO: [ app_init ] --END-- [ RunTime:0.001953s ]

[ 2016-04-06T16:01:33+08:00 ] ::1 /index.php/Home/Status/status/p/6.html
INFO: [ app_init ] --START--
INFO: Run Behavior\BuildLiteBehavior [ RunTime:0.000000s ]
INFO: [ app_init ] --END-- [ RunTime:0.000977s ]

[ 2016-04-06T16:01:43+08:00 ] ::1 /index.php/Home/Status/status/p/6.html
INFO: [ app_init ] --START--
INFO: Run Behavior\BuildLiteBehavior [ RunTime:0.000000s ]
INFO: [ app_init ] --END-- [ RunTime:0.000977s ]

[ 2016-04-06T16:01:49+08:00 ] ::1 /index.php/Home/Status/status/p/5.html
INFO: [ app_init ] --START--
INFO: Run Behavior\BuildLiteBehavior [ RunTime:0.000000s ]
INFO: [ app_init ] --END-- [ RunTime:0.000977s ]

[ 2016-04-06T16:05:43+08:00 ] ::1 /index.php/Home/Status/status/p/5.html
INFO: [ app_init ] --START--
INFO: Run Behavior\BuildLiteBehavior [ RunTime:0.000000s ]
INFO: [ app_init ] --END-- [ RunTime:0.000977s ]

[ 2016-04-06T16:05:56+08:00 ] ::1 /index.php/Home/Status/personalstatus
INFO: [ app_init ] --START--
INFO: Run Behavior\BuildLiteBehavior [ RunTime:0.000000s ]
INFO: [ app_init ] --END-- [ RunTime:0.000977s ]

[ 2016-04-06T16:05:59+08:00 ] ::1 /index.php/Home/Status/personalstatus/p/2.html
INFO: [ app_init ] --START--
INFO: Run Behavior\BuildLiteBehavior [ RunTime:0.000000s ]
INFO: [ app_init ] --END-- [ RunTime:0.000977s ]

[ 2016-04-06T16:06:00+08:00 ] ::1 /index.php/Home/Status/personalstatus/p/3.html
INFO: [ app_init ] --START--
INFO: Run Behavior\BuildLiteBehavior [ RunTime:0.000000s ]
INFO: [ app_init ] --END-- [ RunTime:0.000977s ]

[ 2016-04-06T16:06:00+08:00 ] ::1 /index.php/Home/Status/personalstatus/p/4.html
INFO: [ app_init ] --START--
INFO: Run Behavior\BuildLiteBehavior [ RunTime:0.000000s ]
INFO: [ app_init ] --END-- [ RunTime:0.000977s ]

[ 2016-04-06T16:06:01+08:00 ] ::1 /index.php/Home/Status/personalstatus/p/5.html
INFO: [ app_init ] --START--
INFO: Run Behavior\BuildLiteBehavior [ RunTime:0.000000s ]
INFO: [ app_init ] --END-- [ RunTime:0.000977s ]

[ 2016-04-06T16:06:02+08:00 ] ::1 /index.php/Home/Status/personalstatus/p/6.html
INFO: [ app_init ] --START--
INFO: Run Behavior\BuildLiteBehavior [ RunTime:0.000000s ]
INFO: [ app_init ] --END-- [ RunTime:0.000976s ]

[ 2016-04-06T16:06:04+08:00 ] ::1 /index.php/Home/Status/personalstatus/p/1.html
INFO: [ app_init ] --START--
INFO: Run Behavior\BuildLiteBehavior [ RunTime:0.000000s ]
INFO: [ app_init ] --END-- [ RunTime:0.000977s ]

[ 2016-04-06T16:06:12+08:00 ] ::1 /index.php/Home/Status/personalstatus/p/1.html
INFO: [ app_init ] --START--
INFO: Run Behavior\BuildLiteBehavior [ RunTime:0.000000s ]
INFO: [ app_init ] --END-- [ RunTime:0.000977s ]

[ 2016-04-06T16:06:16+08:00 ] ::1 /index.php/Home/Status/personalstatus/p/2.html
INFO: [ app_init ] --START--
INFO: Run Behavior\BuildLiteBehavior [ RunTime:0.000000s ]
INFO: [ app_init ] --END-- [ RunTime:0.000000s ]

[ 2016-04-06T16:06:17+08:00 ] ::1 /index.php/Home/Status/personalstatus/p/1.html
INFO: [ app_init ] --START--
INFO: Run Behavior\BuildLiteBehavior [ RunTime:0.000000s ]
INFO: [ app_init ] --END-- [ RunTime:0.000976s ]

[ 2016-04-06T16:18:44+08:00 ] ::1 /index.php/Home/Status/personalstatus/p/2.html
INFO: [ app_init ] --START--
INFO: Run Behavior\BuildLiteBehavior [ RunTime:0.000000s ]
INFO: [ app_init ] --END-- [ RunTime:0.000977s ]

[ 2016-04-06T16:18:44+08:00 ] ::1 /index.php/Home/Status/personalstatus/p/1.html
INFO: [ app_init ] --START--
INFO: Run Behavior\BuildLiteBehavior [ RunTime:0.000000s ]
INFO: [ app_init ] --END-- [ RunTime:0.000977s ]

[ 2016-04-06T16:18:45+08:00 ] ::1 /index.php/Home/Status/personalstatus/p/2.html
INFO: [ app_init ] --START--
INFO: Run Behavior\BuildLiteBehavior [ RunTime:0.000000s ]
INFO: [ app_init ] --END-- [ RunTime:0.000977s ]

[ 2016-04-06T16:18:45+08:00 ] ::1 /index.php/Home/Status/personalstatus/p/1.html
INFO: [ app_init ] --START--
INFO: Run Behavior\BuildLiteBehavior [ RunTime:0.000000s ]
INFO: [ app_init ] --END-- [ RunTime:0.000976s ]

[ 2016-04-06T16:18:46+08:00 ] ::1 /index.php/Home/Status/personalstatus/p/6.html
INFO: [ app_init ] --START--
INFO: Run Behavior\BuildLiteBehavior [ RunTime:0.000000s ]
INFO: [ app_init ] --END-- [ RunTime:0.000000s ]

[ 2016-04-06T16:18:46+08:00 ] ::1 /index.php/Home/Status/personalstatus/p/5.html
INFO: [ app_init ] --START--
INFO: Run Behavior\BuildLiteBehavior [ RunTime:0.000000s ]
INFO: [ app_init ] --END-- [ RunTime:0.000977s ]

[ 2016-04-06T16:18:47+08:00 ] ::1 /index.php/Home/Status/personalstatus/p/4.html
INFO: [ app_init ] --START--
INFO: Run Behavior\BuildLiteBehavior [ RunTime:0.000000s ]
INFO: [ app_init ] --END-- [ RunTime:0.000000s ]

[ 2016-04-06T16:18:48+08:00 ] ::1 /index.php/Home/Status/personalstatus/p/3.html
INFO: [ app_init ] --START--
INFO: Run Behavior\BuildLiteBehavior [ RunTime:0.000000s ]
INFO: [ app_init ] --END-- [ RunTime:0.000976s ]

[ 2016-04-06T16:18:48+08:00 ] ::1 /index.php/Home/Status/personalstatus/p/2.html
INFO: [ app_init ] --START--
INFO: Run Behavior\BuildLiteBehavior [ RunTime:0.000000s ]
INFO: [ app_init ] --END-- [ RunTime:0.000976s ]

[ 2016-04-06T16:18:49+08:00 ] ::1 /index.php/Home/Status/personalstatus
INFO: [ app_init ] --START--
INFO: Run Behavior\BuildLiteBehavior [ RunTime:0.000977s ]
INFO: [ app_init ] --END-- [ RunTime:0.000977s ]

[ 2016-04-06T16:18:49+08:00 ] ::1 /index.php/Home/Status/status/p/5.html
INFO: [ app_init ] --START--
INFO: Run Behavior\BuildLiteBehavior [ RunTime:0.000000s ]
INFO: [ app_init ] --END-- [ RunTime:0.000977s ]

[ 2016-04-06T16:18:50+08:00 ] ::1 /index.php/Home/Status/status/p/2.html
INFO: [ app_init ] --START--
INFO: Run Behavior\BuildLiteBehavior [ RunTime:0.000000s ]
INFO: [ app_init ] --END-- [ RunTime:0.000977s ]

[ 2016-04-06T16:18:51+08:00 ] ::1 /index.php/Home/Status/status/p/3.html
INFO: [ app_init ] --START--
INFO: Run Behavior\BuildLiteBehavior [ RunTime:0.000977s ]
INFO: [ app_init ] --END-- [ RunTime:0.000977s ]

[ 2016-04-06T16:18:51+08:00 ] ::1 /index.php/Home/Status/status/p/6.html
INFO: [ app_init ] --START--
INFO: Run Behavior\BuildLiteBehavior [ RunTime:0.000000s ]
INFO: [ app_init ] --END-- [ RunTime:0.000977s ]

[ 2016-04-06T16:18:51+08:00 ] ::1 /index.php/Home/Status/status.html
INFO: [ app_init ] --START--
INFO: Run Behavior\BuildLiteBehavior [ RunTime:0.000000s ]
INFO: [ app_init ] --END-- [ RunTime:0.000977s ]

[ 2016-04-06T16:18:52+08:00 ] ::1 /index.php/Home/Problem/showproblem/pid/2.html
INFO: [ app_init ] --START--
INFO: Run Behavior\BuildLiteBehavior [ RunTime:0.000000s ]
INFO: [ app_init ] --END-- [ RunTime:0.000976s ]

[ 2016-04-06T16:18:56+08:00 ] ::1 /index.php/Home/Problem/judgeproblem.html
INFO: [ app_init ] --START--
INFO: Run Behavior\BuildLiteBehavior [ RunTime:0.000976s ]
INFO: [ app_init ] --END-- [ RunTime:0.000976s ]

[ 2016-04-06T16:18:56+08:00 ] ::1 /index.php/Home/Status/status.html
INFO: [ app_init ] --START--
INFO: Run Behavior\BuildLiteBehavior [ RunTime:0.000000s ]
INFO: [ app_init ] --END-- [ RunTime:0.000976s ]

[ 2016-04-06T16:18:58+08:00 ] ::1 /index.php/Home/Problem/showproblem/pid/2.html
INFO: [ app_init ] --START--
INFO: Run Behavior\BuildLiteBehavior [ RunTime:0.000000s ]
INFO: [ app_init ] --END-- [ RunTime:0.000977s ]

[ 2016-04-06T16:35:00+08:00 ] ::1 /index.php/Home/Problem/listproblem
INFO: [ app_init ] --START--
INFO: Run Behavior\BuildLiteBehavior [ RunTime:0.000000s ]
INFO: [ app_init ] --END-- [ RunTime:0.000976s ]

[ 2016-04-06T16:35:01+08:00 ] ::1 /index.php/Home/Problem/showproblem/pid/1.html
INFO: [ app_init ] --START--
INFO: Run Behavior\BuildLiteBehavior [ RunTime:0.000000s ]
INFO: [ app_init ] --END-- [ RunTime:0.000977s ]

[ 2016-04-06T16:35:23+08:00 ] ::1 /index.php/Home/Problem/judgeproblem.html
INFO: [ app_init ] --START--
INFO: Run Behavior\BuildLiteBehavior [ RunTime:0.000000s ]
INFO: [ app_init ] --END-- [ RunTime:0.000976s ]

[ 2016-04-06T16:35:23+08:00 ] ::1 /index.php/Home/Status/status.html
INFO: [ app_init ] --START--
INFO: Run Behavior\BuildLiteBehavior [ RunTime:0.000000s ]
INFO: [ app_init ] --END-- [ RunTime:0.000977s ]

[ 2016-04-06T16:35:29+08:00 ] ::1 /index.php/Home/Status/status/p/8.html
INFO: [ app_init ] --START--
INFO: Run Behavior\BuildLiteBehavior [ RunTime:0.000000s ]
INFO: [ app_init ] --END-- [ RunTime:0.000976s ]

[ 2016-04-06T16:35:40+08:00 ] ::1 /index.php/Home/Status/status.html
INFO: [ app_init ] --START--
INFO: Run Behavior\BuildLiteBehavior [ RunTime:0.000000s ]
INFO: [ app_init ] --END-- [ RunTime:0.000977s ]

[ 2016-04-06T16:35:41+08:00 ] ::1 /index.php/Home/Problem/showproblem/pid/1.html
INFO: [ app_init ] --START--
INFO: Run Behavior\BuildLiteBehavior [ RunTime:0.000000s ]
INFO: [ app_init ] --END-- [ RunTime:0.000977s ]

[ 2016-04-06T16:35:47+08:00 ] ::1 /index.php/Home/Problem/judgeproblem.html
INFO: [ app_init ] --START--
INFO: Run Behavior\BuildLiteBehavior [ RunTime:0.000000s ]
INFO: [ app_init ] --END-- [ RunTime:0.000976s ]

[ 2016-04-06T16:35:47+08:00 ] ::1 /index.php/Home/Status/status.html
INFO: [ app_init ] --START--
INFO: Run Behavior\BuildLiteBehavior [ RunTime:0.000000s ]
INFO: [ app_init ] --END-- [ RunTime:0.001953s ]

[ 2016-04-06T16:35:48+08:00 ] ::1 /index.php/Home/Status/status/p/9.html
INFO: [ app_init ] --START--
INFO: Run Behavior\BuildLiteBehavior [ RunTime:0.000000s ]
INFO: [ app_init ] --END-- [ RunTime:0.000000s ]

[ 2016-04-06T16:35:50+08:00 ] ::1 /index.php/Home/Status/status.html
INFO: [ app_init ] --START--
INFO: Run Behavior\BuildLiteBehavior [ RunTime:0.000000s ]
INFO: [ app_init ] --END-- [ RunTime:0.000976s ]

[ 2016-04-06T16:35:52+08:00 ] ::1 /index.php/Home/Problem/showproblem/pid/1.html
INFO: [ app_init ] --START--
INFO: Run Behavior\BuildLiteBehavior [ RunTime:0.000000s ]
INFO: [ app_init ] --END-- [ RunTime:0.000976s ]

[ 2016-04-06T16:36:01+08:00 ] ::1 /index.php/Home/Problem/judgeproblem.html
INFO: [ app_init ] --START--
INFO: Run Behavior\BuildLiteBehavior [ RunTime:0.000000s ]
INFO: [ app_init ] --END-- [ RunTime:0.000977s ]

[ 2016-04-06T16:36:01+08:00 ] ::1 /index.php/Home/Status/status.html
INFO: [ app_init ] --START--
INFO: Run Behavior\BuildLiteBehavior [ RunTime:0.000977s ]
INFO: [ app_init ] --END-- [ RunTime:0.000977s ]

[ 2016-04-06T16:36:03+08:00 ] ::1 /index.php/Home/Status/status/p/10.html
INFO: [ app_init ] --START--
INFO: Run Behavior\BuildLiteBehavior [ RunTime:0.000000s ]
INFO: [ app_init ] --END-- [ RunTime:0.000000s ]

[ 2016-04-06T16:37:08+08:00 ] ::1 /index.php/Home/Status/status/p/10.html
INFO: [ app_init ] --START--
INFO: Run Behavior\BuildLiteBehavior [ RunTime:0.000000s ]
INFO: [ app_init ] --END-- [ RunTime:0.000976s ]

[ 2016-04-06T16:37:10+08:00 ] ::1 /index.php/Home/Status/status/p/1.html
INFO: [ app_init ] --START--
INFO: Run Behavior\BuildLiteBehavior [ RunTime:0.000000s ]
INFO: [ app_init ] --END-- [ RunTime:0.000000s ]

[ 2016-04-06T16:37:59+08:00 ] ::1 /index.php/Home/Problem/listproblem
INFO: [ app_init ] --START--
INFO: Run Behavior\BuildLiteBehavior [ RunTime:0.000000s ]
INFO: [ app_init ] --END-- [ RunTime:0.000976s ]

[ 2016-04-06T16:38:01+08:00 ] ::1 /index.php/Home/Problem/showproblem/pid/1.html
INFO: [ app_init ] --START--
INFO: Run Behavior\BuildLiteBehavior [ RunTime:0.000000s ]
INFO: [ app_init ] --END-- [ RunTime:0.001953s ]

[ 2016-04-06T16:38:14+08:00 ] ::1 /index.php/Home/Problem/judgeproblem.html
INFO: [ app_init ] --START--
INFO: Run Behavior\BuildLiteBehavior [ RunTime:0.000000s ]
INFO: [ app_init ] --END-- [ RunTime:0.000977s ]

[ 2016-04-06T16:38:14+08:00 ] ::1 /index.php/Home/Status/status.html
INFO: [ app_init ] --START--
INFO: Run Behavior\BuildLiteBehavior [ RunTime:0.000000s ]
INFO: [ app_init ] --END-- [ RunTime:0.000977s ]

[ 2016-04-06T16:38:46+08:00 ] ::1 /index.php/Home/Problem/showproblem/pid/1.html
INFO: [ app_init ] --START--
INFO: Run Behavior\BuildLiteBehavior [ RunTime:0.000000s ]
INFO: [ app_init ] --END-- [ RunTime:0.001953s ]

[ 2016-04-06T16:38:47+08:00 ] ::1 /index.php/Home/Problem/listproblem
INFO: [ app_init ] --START--
INFO: Run Behavior\BuildLiteBehavior [ RunTime:0.000000s ]
INFO: [ app_init ] --END-- [ RunTime:0.000000s ]

[ 2016-04-06T16:38:47+08:00 ] ::1 /index.php/Home/Problem/showproblem/pid/1.html
INFO: [ app_init ] --START--
INFO: Run Behavior\BuildLiteBehavior [ RunTime:0.000000s ]
INFO: [ app_init ] --END-- [ RunTime:0.000977s ]

[ 2016-04-06T16:38:49+08:00 ] ::1 /index.php/Home/Problem/judgeproblem.html
INFO: [ app_init ] --START--
INFO: Run Behavior\BuildLiteBehavior [ RunTime:0.000977s ]
INFO: [ app_init ] --END-- [ RunTime:0.001953s ]

[ 2016-04-06T16:40:24+08:00 ] ::1 /index.php/Home/Problem/showproblem/pid/1.html
INFO: [ app_init ] --START--
INFO: Run Behavior\BuildLiteBehavior [ RunTime:0.000000s ]
INFO: [ app_init ] --END-- [ RunTime:0.001953s ]

[ 2016-04-06T16:40:36+08:00 ] ::1 /index.php/Home/Problem/judgeproblem.html
INFO: [ app_init ] --START--
INFO: Run Behavior\BuildLiteBehavior [ RunTime:0.000000s ]
INFO: [ app_init ] --END-- [ RunTime:0.000977s ]

[ 2016-04-06T16:40:39+08:00 ] ::1 /index.php/Home/Problem/showproblem/pid/1.html
INFO: [ app_init ] --START--
INFO: Run Behavior\BuildLiteBehavior [ RunTime:0.000000s ]
INFO: [ app_init ] --END-- [ RunTime:0.001953s ]

[ 2016-04-06T16:40:42+08:00 ] ::1 /index.php/Home/Problem/judgeproblem.html
INFO: [ app_init ] --START--
INFO: Run Behavior\BuildLiteBehavior [ RunTime:0.000000s ]
INFO: [ app_init ] --END-- [ RunTime:0.000000s ]

[ 2016-04-06T16:41:15+08:00 ] ::1 /index.php/Home/Problem/showproblem/pid/1.html
INFO: [ app_init ] --START--
INFO: Run Behavior\BuildLiteBehavior [ RunTime:0.000000s ]
INFO: [ app_init ] --END-- [ RunTime:0.000976s ]

[ 2016-04-06T16:41:27+08:00 ] ::1 /index.php/Home/Problem/judgeproblem.html
INFO: [ app_init ] --START--
INFO: Run Behavior\BuildLiteBehavior [ RunTime:0.000000s ]
INFO: [ app_init ] --END-- [ RunTime:0.001953s ]

[ 2016-04-06T16:41:44+08:00 ] ::1 /index.php/Home/Problem/showproblem/pid/1.html
INFO: [ app_init ] --START--
INFO: Run Behavior\BuildLiteBehavior [ RunTime:0.000000s ]
INFO: [ app_init ] --END-- [ RunTime:0.000976s ]

[ 2016-04-06T20:20:41+08:00 ] ::1 /
INFO: [ app_init ] --START--
INFO: Run Behavior\BuildLiteBehavior [ RunTime:0.000000s ]
INFO: [ app_init ] --END-- [ RunTime:0.000977s ]

[ 2016-04-06T20:20:46+08:00 ] ::1 /
INFO: [ app_init ] --START--
INFO: Run Behavior\BuildLiteBehavior [ RunTime:0.000000s ]
INFO: [ app_init ] --END-- [ RunTime:0.001954s ]

[ 2016-04-06T20:20:51+08:00 ] ::1 /index.php/Home/Login/loginout.html
INFO: [ app_init ] --START--
INFO: Run Behavior\BuildLiteBehavior [ RunTime:0.000000s ]
INFO: [ app_init ] --END-- [ RunTime:0.002930s ]

[ 2016-04-06T20:20:52+08:00 ] ::1 /index.php/Home/Login/login.html
INFO: [ app_init ] --START--
INFO: Run Behavior\BuildLiteBehavior [ RunTime:0.000000s ]
INFO: [ app_init ] --END-- [ RunTime:0.000977s ]

[ 2016-04-06T20:20:59+08:00 ] ::1 /index.php/Home/Login/login.html
INFO: [ app_init ] --START--
INFO: Run Behavior\BuildLiteBehavior [ RunTime:0.000977s ]
INFO: [ app_init ] --END-- [ RunTime:0.000977s ]

[ 2016-04-06T20:21:00+08:00 ] ::1 /index.php/Home/Index/index.html
INFO: [ app_init ] --START--
INFO: Run Behavior\BuildLiteBehavior [ RunTime:0.000000s ]
INFO: [ app_init ] --END-- [ RunTime:0.000977s ]

[ 2016-04-06T20:21:13+08:00 ] ::1 /index.php/Home/Problem/add
INFO: [ app_init ] --START--
INFO: Run Behavior\BuildLiteBehavior [ RunTime:0.000000s ]
INFO: [ app_init ] --END-- [ RunTime:0.000977s ]

[ 2016-04-06T20:25:22+08:00 ] ::1 /index.php/Home/Problem/add
INFO: [ app_init ] --START--
INFO: Run Behavior\BuildLiteBehavior [ RunTime:0.000976s ]
INFO: [ app_init ] --END-- [ RunTime:0.000976s ]

[ 2016-04-06T20:25:24+08:00 ] ::1 /index.php/Home/Problem/add
INFO: [ app_init ] --START--
INFO: Run Behavior\BuildLiteBehavior [ RunTime:0.000000s ]
INFO: [ app_init ] --END-- [ RunTime:0.000977s ]

[ 2016-04-06T20:33:23+08:00 ] ::1 /index.php/Home/Problem/add
INFO: [ app_init ] --START--
INFO: Run Behavior\BuildLiteBehavior [ RunTime:0.000000s ]
INFO: [ app_init ] --END-- [ RunTime:0.001953s ]

[ 2016-04-06T20:33:25+08:00 ] ::1 /index.php/Home/Problem/add
INFO: [ app_init ] --START--
INFO: Run Behavior\BuildLiteBehavior [ RunTime:0.000976s ]
INFO: [ app_init ] --END-- [ RunTime:0.001953s ]

[ 2016-04-06T20:33:56+08:00 ] ::1 /index.php/Home/Problem/add
INFO: [ app_init ] --START--
INFO: Run Behavior\BuildLiteBehavior [ RunTime:0.000000s ]
INFO: [ app_init ] --END-- [ RunTime:0.001954s ]

[ 2016-04-06T20:33:59+08:00 ] ::1 /index.php/Home/Problem/add
INFO: [ app_init ] --START--
INFO: Run Behavior\BuildLiteBehavior [ RunTime:0.000000s ]
INFO: [ app_init ] --END-- [ RunTime:0.003906s ]

[ 2016-04-06T20:54:34+08:00 ] ::1 /
INFO: [ app_init ] --START--
INFO: Run Behavior\BuildLiteBehavior [ RunTime:0.000000s ]
INFO: [ app_init ] --END-- [ RunTime:0.000977s ]

[ 2016-04-06T20:54:41+08:00 ] ::1 /index.php/Home/Problem/listproblem
INFO: [ app_init ] --START--
INFO: Run Behavior\BuildLiteBehavior [ RunTime:0.000000s ]
INFO: [ app_init ] --END-- [ RunTime:0.000976s ]

[ 2016-04-06T20:54:42+08:00 ] ::1 /index.php/Home/Problem/listproblem/p/15.html
INFO: [ app_init ] --START--
INFO: Run Behavior\BuildLiteBehavior [ RunTime:0.000000s ]
INFO: [ app_init ] --END-- [ RunTime:0.000977s ]

[ 2016-04-06T20:54:47+08:00 ] ::1 /index.php/Home/Problem/listproblem/p/15.html
INFO: [ app_init ] --START--
INFO: Run Behavior\BuildLiteBehavior [ RunTime:0.000976s ]
INFO: [ app_init ] --END-- [ RunTime:0.000976s ]

[ 2016-04-06T20:54:59+08:00 ] ::1 /index.php/Home/Problem/listproblem/p/14.html
INFO: [ app_init ] --START--
INFO: Run Behavior\BuildLiteBehavior [ RunTime:0.000000s ]
INFO: [ app_init ] --END-- [ RunTime:0.000976s ]

[ 2016-04-06T20:55:00+08:00 ] ::1 /index.php/Home/Problem/listproblem/p/10.html
INFO: [ app_init ] --START--
INFO: Run Behavior\BuildLiteBehavior [ RunTime:0.000000s ]
INFO: [ app_init ] --END-- [ RunTime:0.000976s ]

[ 2016-04-06T20:55:02+08:00 ] ::1 /index.php/Home/Problem/listproblem/p/15.html
INFO: [ app_init ] --START--
INFO: Run Behavior\BuildLiteBehavior [ RunTime:0.000977s ]
INFO: [ app_init ] --END-- [ RunTime:0.001953s ]

[ 2016-04-06T20:55:34+08:00 ] ::1 /index.php/Home/Problem/listproblem/p/15.html
INFO: [ app_init ] --START--
INFO: Run Behavior\BuildLiteBehavior [ RunTime:0.000977s ]
INFO: [ app_init ] --END-- [ RunTime:0.000977s ]

[ 2016-04-06T20:55:40+08:00 ] ::1 /index.php/Home/Problem/listproblem/p/15.html
INFO: [ app_init ] --START--
INFO: Run Behavior\BuildLiteBehavior [ RunTime:0.000000s ]
INFO: [ app_init ] --END-- [ RunTime:0.002930s ]

[ 2016-04-06T20:55:41+08:00 ] ::1 /index.php/Home/Problem/listproblem/p/15.html
INFO: [ app_init ] --START--
INFO: Run Behavior\BuildLiteBehavior [ RunTime:0.000000s ]
INFO: [ app_init ] --END-- [ RunTime:0.000976s ]

[ 2016-04-06T20:55:42+08:00 ] ::1 /index.php/Home/Problem/showproblem/pid/15.html
INFO: [ app_init ] --START--
INFO: Run Behavior\BuildLiteBehavior [ RunTime:0.000000s ]
INFO: [ app_init ] --END-- [ RunTime:0.000976s ]

[ 2016-04-06T20:56:07+08:00 ] ::1 /index.php/Home/Problem/insertjudge.html
INFO: [ app_init ] --START--
INFO: Run Behavior\BuildLiteBehavior [ RunTime:0.000000s ]
INFO: [ app_init ] --END-- [ RunTime:0.000977s ]

[ 2016-04-06T22:30:31+08:00 ] ::1 /index.php/Home/Problem/showproblem/pid/15.html
INFO: [ app_init ] --START--
INFO: Run Behavior\BuildLiteBehavior [ RunTime:0.000000s ]
INFO: [ app_init ] --END-- [ RunTime:0.001954s ]

[ 2016-04-06T22:30:35+08:00 ] ::1 /index.php/Home/Problem/showproblem/pid/15.html
INFO: [ app_init ] --START--
INFO: Run Behavior\BuildLiteBehavior [ RunTime:0.000000s ]
INFO: [ app_init ] --END-- [ RunTime:0.002929s ]

[ 2016-04-06T22:30:48+08:00 ] ::1 /index.php/Home/Problem/listproblem/p/15.html
INFO: [ app_init ] --START--
INFO: Run Behavior\BuildLiteBehavior [ RunTime:0.000000s ]
INFO: [ app_init ] --END-- [ RunTime:0.000976s ]

[ 2016-04-06T22:30:49+08:00 ] ::1 /index.php/Home/Problem/showproblem/pid/15.html
INFO: [ app_init ] --START--
INFO: Run Behavior\BuildLiteBehavior [ RunTime:0.000000s ]
INFO: [ app_init ] --END-- [ RunTime:0.000976s ]

[ 2016-04-06T22:33:17+08:00 ] ::1 /
INFO: [ app_init ] --START--
INFO: Run Behavior\BuildLiteBehavior [ RunTime:0.000000s ]
INFO: [ app_init ] --END-- [ RunTime:0.001953s ]

[ 2016-04-06T22:33:18+08:00 ] ::1 /
INFO: [ app_init ] --START--
INFO: Run Behavior\BuildLiteBehavior [ RunTime:0.001953s ]
INFO: [ app_init ] --END-- [ RunTime:0.002930s ]

[ 2016-04-06T22:33:23+08:00 ] ::1 /index.php/Home/Problem/listproblem
INFO: [ app_init ] --START--
INFO: Run Behavior\BuildLiteBehavior [ RunTime:0.000000s ]
INFO: [ app_init ] --END-- [ RunTime:0.000976s ]

[ 2016-04-06T22:33:25+08:00 ] ::1 /index.php/Home/Problem/listproblem/p/11.html
INFO: [ app_init ] --START--
INFO: Run Behavior\BuildLiteBehavior [ RunTime:0.000000s ]
INFO: [ app_init ] --END-- [ RunTime:0.000977s ]

[ 2016-04-06T22:33:26+08:00 ] ::1 /index.php/Home/Problem/listproblem/p/15.html
INFO: [ app_init ] --START--
INFO: Run Behavior\BuildLiteBehavior [ RunTime:0.000000s ]
INFO: [ app_init ] --END-- [ RunTime:0.000977s ]

[ 2016-04-06T22:33:27+08:00 ] ::1 /index.php/Home/Problem/showproblem/pid/15.html
INFO: [ app_init ] --START--
INFO: Run Behavior\BuildLiteBehavior [ RunTime:0.000000s ]
INFO: [ app_init ] --END-- [ RunTime:0.000977s ]

[ 2016-04-06T22:33:32+08:00 ] ::1 /index.php/Home/Problem/insertjudge.html
INFO: [ app_init ] --START--
INFO: Run Behavior\BuildLiteBehavior [ RunTime:0.000000s ]
INFO: [ app_init ] --END-- [ RunTime:0.001953s ]

[ 2016-04-06T22:35:42+08:00 ] ::1 /
INFO: [ app_init ] --START--
INFO: Run Behavior\BuildLiteBehavior [ RunTime:0.000000s ]
INFO: [ app_init ] --END-- [ RunTime:0.006836s ]

[ 2016-04-06T22:35:44+08:00 ] ::1 /index.php/Home/Login/login.html
INFO: [ app_init ] --START--
INFO: Run Behavior\BuildLiteBehavior [ RunTime:0.000000s ]
INFO: [ app_init ] --END-- [ RunTime:0.001953s ]

[ 2016-04-06T22:35:50+08:00 ] ::1 /index.php/Home/Login/login.html
INFO: [ app_init ] --START--
INFO: Run Behavior\BuildLiteBehavior [ RunTime:0.000000s ]
INFO: [ app_init ] --END-- [ RunTime:0.000976s ]

[ 2016-04-06T22:35:51+08:00 ] ::1 /index.php/Home/Index/index.html
INFO: [ app_init ] --START--
INFO: Run Behavior\BuildLiteBehavior [ RunTime:0.000000s ]
INFO: [ app_init ] --END-- [ RunTime:0.004883s ]

[ 2016-04-06T22:35:56+08:00 ] ::1 /index.php/Home/Problem/listproblem
INFO: [ app_init ] --START--
INFO: Run Behavior\BuildLiteBehavior [ RunTime:0.000000s ]
INFO: [ app_init ] --END-- [ RunTime:0.006836s ]

[ 2016-04-06T22:35:58+08:00 ] ::1 /index.php/Home/Problem/insertjudge.html
INFO: [ app_init ] --START--
INFO: Run Behavior\BuildLiteBehavior [ RunTime:0.000000s ]
INFO: [ app_init ] --END-- [ RunTime:0.000977s ]

[ 2016-04-06T22:35:58+08:00 ] ::1 /index.php/Home/Problem/insertjudge.html
INFO: [ app_init ] --START--
INFO: Run Behavior\BuildLiteBehavior [ RunTime:0.000000s ]
INFO: [ app_init ] --END-- [ RunTime:0.001953s ]

[ 2016-04-06T22:35:58+08:00 ] ::1 /index.php/Home/Problem/listproblem/p/11.html
INFO: [ app_init ] --START--
INFO: Run Behavior\BuildLiteBehavior [ RunTime:0.000000s ]
INFO: [ app_init ] --END-- [ RunTime:0.000976s ]

[ 2016-04-06T22:36:01+08:00 ] ::1 /index.php/Home/Problem/listproblem/p/15.html
INFO: [ app_init ] --START--
INFO: Run Behavior\BuildLiteBehavior [ RunTime:0.000000s ]
INFO: [ app_init ] --END-- [ RunTime:0.001954s ]

[ 2016-04-06T22:36:02+08:00 ] ::1 /index.php/Home/Problem/showproblem/pid/15.html
INFO: [ app_init ] --START--
INFO: Run Behavior\BuildLiteBehavior [ RunTime:0.000000s ]
INFO: [ app_init ] --END-- [ RunTime:0.000977s ]

[ 2016-04-06T22:36:07+08:00 ] ::1 /index.php/Home/Problem/insertjudge.html
INFO: [ app_init ] --START--
INFO: Run Behavior\BuildLiteBehavior [ RunTime:0.000000s ]
INFO: [ app_init ] --END-- [ RunTime:0.001954s ]

[ 2016-04-06T22:38:30+08:00 ] ::1 /index.php/Home/Problem/insertjudge.html
INFO: [ app_init ] --START--
INFO: Run Behavior\BuildLiteBehavior [ RunTime:0.000000s ]
INFO: [ app_init ] --END-- [ RunTime:0.000976s ]

[ 2016-04-06T22:38:30+08:00 ] ::1 /index.php/Home/Problem/insertjudge.html
INFO: [ app_init ] --START--
INFO: Run Behavior\BuildLiteBehavior [ RunTime:0.000000s ]
INFO: [ app_init ] --END-- [ RunTime:0.003906s ]

[ 2016-04-06T22:38:30+08:00 ] ::1 /index.php/Home/Problem/insertjudge.html
INFO: [ app_init ] --START--
INFO: Run Behavior\BuildLiteBehavior [ RunTime:0.000000s ]
INFO: [ app_init ] --END-- [ RunTime:0.000977s ]

[ 2016-04-06T22:38:47+08:00 ] ::1 /index.php/Home/Problem/insertjudge.html
INFO: [ app_init ] --START--
INFO: Run Behavior\BuildLiteBehavior [ RunTime:0.000000s ]
INFO: [ app_init ] --END-- [ RunTime:0.001953s ]

[ 2016-04-06T22:41:00+08:00 ] ::1 /index.php/Home/Problem/insertjudge.html
INFO: [ app_init ] --START--
INFO: Run Behavior\BuildLiteBehavior [ RunTime:0.000000s ]
INFO: [ app_init ] --END-- [ RunTime:0.001954s ]

[ 2016-04-06T22:41:00+08:00 ] ::1 /index.php/Home/Problem/showproblem/pid/15.html
INFO: [ app_init ] --START--
INFO: Run Behavior\BuildLiteBehavior [ RunTime:0.000000s ]
INFO: [ app_init ] --END-- [ RunTime:0.002929s ]

[ 2016-04-06T22:41:40+08:00 ] ::1 /
INFO: [ app_init ] --START--
INFO: Run Behavior\BuildLiteBehavior [ RunTime:0.000000s ]
INFO: [ app_init ] --END-- [ RunTime:0.000000s ]

[ 2016-04-06T22:41:41+08:00 ] ::1 /index.php/Home/Login/login.html
INFO: [ app_init ] --START--
INFO: Run Behavior\BuildLiteBehavior [ RunTime:0.000000s ]
INFO: [ app_init ] --END-- [ RunTime:0.000977s ]

[ 2016-04-06T22:41:46+08:00 ] ::1 /index.php/Home/Login/login.html
INFO: [ app_init ] --START--
INFO: Run Behavior\BuildLiteBehavior [ RunTime:0.000000s ]
INFO: [ app_init ] --END-- [ RunTime:0.000976s ]

[ 2016-04-06T22:41:47+08:00 ] ::1 /index.php/Home/Index/index.html
INFO: [ app_init ] --START--
INFO: Run Behavior\BuildLiteBehavior [ RunTime:0.000000s ]
INFO: [ app_init ] --END-- [ RunTime:0.000976s ]

[ 2016-04-06T22:41:51+08:00 ] ::1 /index.php/Home/Problem/listproblem
INFO: [ app_init ] --START--
INFO: Run Behavior\BuildLiteBehavior [ RunTime:0.000000s ]
INFO: [ app_init ] --END-- [ RunTime:0.000976s ]

[ 2016-04-06T22:41:52+08:00 ] ::1 /index.php/Home/Problem/listproblem/p/15.html
INFO: [ app_init ] --START--
INFO: Run Behavior\BuildLiteBehavior [ RunTime:0.000000s ]
INFO: [ app_init ] --END-- [ RunTime:0.000000s ]

[ 2016-04-06T22:41:54+08:00 ] ::1 /index.php/Home/Problem/showproblem/pid/15.html
INFO: [ app_init ] --START--
INFO: Run Behavior\BuildLiteBehavior [ RunTime:0.000000s ]
INFO: [ app_init ] --END-- [ RunTime:0.000000s ]

[ 2016-04-06T22:43:57+08:00 ] ::1 /index.php/Home/Problem/insertjudge.html
INFO: [ app_init ] --START--
INFO: Run Behavior\BuildLiteBehavior [ RunTime:0.000000s ]
INFO: [ app_init ] --END-- [ RunTime:0.000000s ]

[ 2016-04-06T22:43:58+08:00 ] ::1 /index.php/Home/Problem/insertjudge.html
INFO: [ app_init ] --START--
INFO: Run Behavior\BuildLiteBehavior [ RunTime:0.000977s ]
INFO: [ app_init ] --END-- [ RunTime:0.005859s ]
ERR: SQLSTATE[HY000] [2002] ”…”⁄ƒø±Íº∆À„ª˙ª˝º´æ‹æ¯£¨Œﬁ∑®¡¨Ω”°£


[ 2016-04-06T22:43:59+08:00 ] ::1 /index.php/Home/Problem/showproblem/pid/15.html
INFO: [ app_init ] --START--
INFO: Run Behavior\BuildLiteBehavior [ RunTime:0.000000s ]
INFO: [ app_init ] --END-- [ RunTime:0.001953s ]
ERR: SQLSTATE[HY000] [2002] ”…”⁄ƒø±Íº∆À„ª˙ª˝º´æ‹æ¯£¨Œﬁ∑®¡¨Ω”°£


[ 2016-04-06T22:46:37+08:00 ] ::1 /
INFO: [ app_init ] --START--
INFO: Run Behavior\BuildLiteBehavior [ RunTime:0.000000s ]
INFO: [ app_init ] --END-- [ RunTime:0.093750s ]

[ 2016-04-06T22:46:38+08:00 ] ::1 /index.php/Home/Login/login.html
INFO: [ app_init ] --START--
INFO: Run Behavior\BuildLiteBehavior [ RunTime:0.000000s ]
INFO: [ app_init ] --END-- [ RunTime:0.000977s ]

[ 2016-04-06T22:46:43+08:00 ] ::1 /index.php/Home/Login/login.html
INFO: [ app_init ] --START--
INFO: Run Behavior\BuildLiteBehavior [ RunTime:0.000000s ]
INFO: [ app_init ] --END-- [ RunTime:0.000977s ]

[ 2016-04-06T22:46:44+08:00 ] ::1 /index.php/Home/Index/index.html
INFO: [ app_init ] --START--
INFO: Run Behavior\BuildLiteBehavior [ RunTime:0.000000s ]
INFO: [ app_init ] --END-- [ RunTime:0.001954s ]

[ 2016-04-06T22:46:49+08:00 ] ::1 /index.php/Home/Problem/listproblem
INFO: [ app_init ] --START--
INFO: Run Behavior\BuildLiteBehavior [ RunTime:0.000000s ]
INFO: [ app_init ] --END-- [ RunTime:0.000976s ]

[ 2016-04-06T22:46:50+08:00 ] ::1 /index.php/Home/Problem/listproblem/p/15.html
INFO: [ app_init ] --START--
INFO: Run Behavior\BuildLiteBehavior [ RunTime:0.000000s ]
INFO: [ app_init ] --END-- [ RunTime:0.000976s ]

[ 2016-04-06T22:46:52+08:00 ] ::1 /index.php/Home/Problem/showproblem/pid/15.html
INFO: [ app_init ] --START--
INFO: Run Behavior\BuildLiteBehavior [ RunTime:0.000000s ]
INFO: [ app_init ] --END-- [ RunTime:0.000976s ]

[ 2016-04-06T22:48:56+08:00 ] ::1 /index.php/Home/Problem/insertjudge.html
INFO: [ app_init ] --START--
INFO: Run Behavior\BuildLiteBehavior [ RunTime:0.000000s ]
INFO: [ app_init ] --END-- [ RunTime:0.000976s ]

[ 2016-04-06T22:48:57+08:00 ] ::1 /index.php/Home/Problem/showproblem/pid/15.html
INFO: [ app_init ] --START--
INFO: Run Behavior\BuildLiteBehavior [ RunTime:0.000000s ]
INFO: [ app_init ] --END-- [ RunTime:0.013672s ]

[ 2016-04-06T22:48:57+08:00 ] ::1 /index.php/Home/Problem/listproblem
INFO: [ app_init ] --START--
INFO: Run Behavior\BuildLiteBehavior [ RunTime:0.000000s ]
INFO: [ app_init ] --END-- [ RunTime:0.001954s ]

[ 2016-04-06T22:49:33+08:00 ] ::1 /index.php/Home/Problem/listproblem/p/15.html
INFO: [ app_init ] --START--
INFO: Run Behavior\BuildLiteBehavior [ RunTime:0.000000s ]
INFO: [ app_init ] --END-- [ RunTime:0.000976s ]

[ 2016-04-06T22:49:34+08:00 ] ::1 /index.php/Home/Problem/showproblem/pid/15.html
INFO: [ app_init ] --START--
INFO: Run Behavior\BuildLiteBehavior [ RunTime:0.000977s ]
INFO: [ app_init ] --END-- [ RunTime:0.000977s ]

[ 2016-04-06T22:49:39+08:00 ] ::1 /index.php/Home/Problem/insertjudge.html
INFO: [ app_init ] --START--
INFO: Run Behavior\BuildLiteBehavior [ RunTime:0.000000s ]
INFO: [ app_init ] --END-- [ RunTime:0.000977s ]

[ 2016-04-06T22:51:21+08:00 ] ::1 /index.php/Home/Problem/showproblem/pid/15.html
INFO: [ app_init ] --START--
INFO: Run Behavior\BuildLiteBehavior [ RunTime:0.000000s ]
INFO: [ app_init ] --END-- [ RunTime:0.000977s ]

[ 2016-04-06T22:51:26+08:00 ] ::1 /index.php/Home/Problem/insertjudge.html
INFO: [ app_init ] --START--
INFO: Run Behavior\BuildLiteBehavior [ RunTime:0.000000s ]
INFO: [ app_init ] --END-- [ RunTime:0.000977s ]

[ 2016-04-06T22:52:10+08:00 ] ::1 /index.php/Home/Problem/insertjudge.html
INFO: [ app_init ] --START--
INFO: Run Behavior\BuildLiteBehavior [ RunTime:0.000000s ]
INFO: [ app_init ] --END-- [ RunTime:0.000976s ]

[ 2016-04-06T22:52:13+08:00 ] ::1 /index.php/Home/Problem/insertjudge.html
INFO: [ app_init ] --START--
INFO: Run Behavior\BuildLiteBehavior [ RunTime:0.000000s ]
INFO: [ app_init ] --END-- [ RunTime:0.000976s ]

[ 2016-04-06T22:52:47+08:00 ] ::1 /index.php/Home/Problem/insertjudge.html
INFO: [ app_init ] --START--
INFO: Run Behavior\BuildLiteBehavior [ RunTime:0.000977s ]
INFO: [ app_init ] --END-- [ RunTime:0.000977s ]

[ 2016-04-06T22:52:50+08:00 ] ::1 /index.php/Home/Problem/insertjudge.html
INFO: [ app_init ] --START--
INFO: Run Behavior\BuildLiteBehavior [ RunTime:0.000000s ]
INFO: [ app_init ] --END-- [ RunTime:0.000977s ]

[ 2016-04-06T22:52:53+08:00 ] ::1 /index.php/Home/Problem/insertjudge.html
INFO: [ app_init ] --START--
INFO: Run Behavior\BuildLiteBehavior [ RunTime:0.000000s ]
INFO: [ app_init ] --END-- [ RunTime:0.000977s ]

[ 2016-04-06T22:52:56+08:00 ] ::1 /index.php/Home/Problem/insertjudge.html
INFO: [ app_init ] --START--
INFO: Run Behavior\BuildLiteBehavior [ RunTime:0.000000s ]
INFO: [ app_init ] --END-- [ RunTime:0.000977s ]

[ 2016-04-06T22:52:58+08:00 ] ::1 /index.php/Home/Problem/insertjudge.html
INFO: [ app_init ] --START--
INFO: Run Behavior\BuildLiteBehavior [ RunTime:0.000000s ]
INFO: [ app_init ] --END-- [ RunTime:0.000977s ]

[ 2016-04-06T22:55:30+08:00 ] ::1 /index.php/Home/Problem/insertjudge.html
INFO: [ app_init ] --START--
INFO: Run Behavior\BuildLiteBehavior [ RunTime:0.000000s ]
INFO: [ app_init ] --END-- [ RunTime:0.000976s ]

[ 2016-04-06T22:58:11+08:00 ] ::1 /index.php/Home/Problem/insertjudge.html
INFO: [ app_init ] --START--
INFO: Run Behavior\BuildLiteBehavior [ RunTime:0.000000s ]
INFO: [ app_init ] --END-- [ RunTime:0.000976s ]

[ 2016-04-06T22:58:52+08:00 ] ::1 /index.php/Home/Problem/insertjudge.html
INFO: [ app_init ] --START--
INFO: Run Behavior\BuildLiteBehavior [ RunTime:0.000000s ]
INFO: [ app_init ] --END-- [ RunTime:0.000977s ]

[ 2016-04-06T23:02:23+08:00 ] ::1 /index.php/Home/Problem/insertjudge.html
INFO: [ app_init ] --START--
INFO: Run Behavior\BuildLiteBehavior [ RunTime:0.000000s ]
INFO: [ app_init ] --END-- [ RunTime:0.000976s ]

[ 2016-04-06T23:08:17+08:00 ] ::1 /index.php/Home/Problem/insertjudge.html
INFO: [ app_init ] --START--
INFO: Run Behavior\BuildLiteBehavior [ RunTime:0.000000s ]
INFO: [ app_init ] --END-- [ RunTime:0.000976s ]

[ 2016-04-06T23:09:24+08:00 ] ::1 /index.php/Home/Problem/insertjudge.html
INFO: [ app_init ] --START--
INFO: Run Behavior\BuildLiteBehavior [ RunTime:0.000000s ]
INFO: [ app_init ] --END-- [ RunTime:0.000977s ]

[ 2016-04-06T23:12:44+08:00 ] ::1 /index.php/Home/Problem/insertjudge.html
INFO: [ app_init ] --START--
INFO: Run Behavior\BuildLiteBehavior [ RunTime:0.000000s ]
INFO: [ app_init ] --END-- [ RunTime:0.000976s ]

[ 2016-04-06T23:14:32+08:00 ] ::1 /index.php/Home/Problem/insertjudge.html
INFO: [ app_init ] --START--
INFO: Run Behavior\BuildLiteBehavior [ RunTime:0.000000s ]
INFO: [ app_init ] --END-- [ RunTime:0.000977s ]

[ 2016-04-06T23:14:48+08:00 ] ::1 /index.php/Home/Problem/showproblem/pid/15.html
INFO: [ app_init ] --START--
INFO: Run Behavior\BuildLiteBehavior [ RunTime:0.000000s ]
INFO: [ app_init ] --END-- [ RunTime:0.000976s ]

[ 2016-04-06T23:14:52+08:00 ] ::1 /index.php/Home/Problem/insertjudge.html
INFO: [ app_init ] --START--
INFO: Run Behavior\BuildLiteBehavior [ RunTime:0.000000s ]
INFO: [ app_init ] --END-- [ RunTime:0.000000s ]

[ 2016-04-06T23:16:36+08:00 ] ::1 /index.php/Home/Problem/insertjudge.html
INFO: [ app_init ] --START--
INFO: Run Behavior\BuildLiteBehavior [ RunTime:0.000000s ]
INFO: [ app_init ] --END-- [ RunTime:0.000977s ]

[ 2016-04-06T23:17:18+08:00 ] ::1 /index.php/Home/Problem/insertjudge.html
INFO: [ app_init ] --START--
INFO: Run Behavior\BuildLiteBehavior [ RunTime:0.000000s ]
INFO: [ app_init ] --END-- [ RunTime:0.000977s ]

[ 2016-04-06T23:17:58+08:00 ] ::1 /index.php/Home/Problem/insertjudge.html
INFO: [ app_init ] --START--
INFO: Run Behavior\BuildLiteBehavior [ RunTime:0.000000s ]
INFO: [ app_init ] --END-- [ RunTime:0.000977s ]

[ 2016-04-06T23:18:15+08:00 ] ::1 /index.php/Home/Problem/insertjudge.html
INFO: [ app_init ] --START--
INFO: Run Behavior\BuildLiteBehavior [ RunTime:0.000000s ]
INFO: [ app_init ] --END-- [ RunTime:0.000977s ]

[ 2016-04-06T23:18:37+08:00 ] ::1 /index.php/Home/Problem/insertjudge.html
INFO: [ app_init ] --START--
INFO: Run Behavior\BuildLiteBehavior [ RunTime:0.000000s ]
INFO: [ app_init ] --END-- [ RunTime:0.000000s ]

[ 2016-04-06T23:19:05+08:00 ] ::1 /index.php/Home/Problem/insertjudge.html
INFO: [ app_init ] --START--
INFO: Run Behavior\BuildLiteBehavior [ RunTime:0.000000s ]
INFO: [ app_init ] --END-- [ RunTime:0.000977s ]

[ 2016-04-06T23:19:18+08:00 ] ::1 /index.php/Home/Problem/insertjudge.html
INFO: [ app_init ] --START--
INFO: Run Behavior\BuildLiteBehavior [ RunTime:0.000000s ]
INFO: [ app_init ] --END-- [ RunTime:0.000977s ]

[ 2016-04-06T23:19:29+08:00 ] ::1 /index.php/Home/Problem/insertjudge.html
INFO: [ app_init ] --START--
INFO: Run Behavior\BuildLiteBehavior [ RunTime:0.000000s ]
INFO: [ app_init ] --END-- [ RunTime:0.000977s ]

[ 2016-04-06T23:19:31+08:00 ] ::1 /index.php/Home/Problem/showproblem/pid/15.html
INFO: [ app_init ] --START--
INFO: Run Behavior\BuildLiteBehavior [ RunTime:0.000000s ]
INFO: [ app_init ] --END-- [ RunTime:0.000976s ]

[ 2016-04-06T23:19:34+08:00 ] ::1 /index.php/Home/Problem/showproblem/pid/15.html
INFO: [ app_init ] --START--
INFO: Run Behavior\BuildLiteBehavior [ RunTime:0.000000s ]
INFO: [ app_init ] --END-- [ RunTime:0.000000s ]

[ 2016-04-06T23:19:51+08:00 ] ::1 /index.php/Home/Problem/showproblem/pid/15.html
INFO: [ app_init ] --START--
INFO: Run Behavior\BuildLiteBehavior [ RunTime:0.000000s ]
INFO: [ app_init ] --END-- [ RunTime:0.000976s ]

[ 2016-04-06T23:19:56+08:00 ] ::1 /index.php/Home/Problem/insertjudge.html
INFO: [ app_init ] --START--
INFO: Run Behavior\BuildLiteBehavior [ RunTime:0.000000s ]
INFO: [ app_init ] --END-- [ RunTime:0.000977s ]

[ 2016-04-06T23:20:34+08:00 ] ::1 /index.php/Home/Problem/insertjudge.html
INFO: [ app_init ] --START--
INFO: Run Behavior\BuildLiteBehavior [ RunTime:0.000000s ]
INFO: [ app_init ] --END-- [ RunTime:0.000976s ]

[ 2016-04-06T23:20:51+08:00 ] ::1 /index.php/Home/Problem/insertjudge.html
INFO: [ app_init ] --START--
INFO: Run Behavior\BuildLiteBehavior [ RunTime:0.000000s ]
INFO: [ app_init ] --END-- [ RunTime:0.000977s ]

[ 2016-04-06T23:21:41+08:00 ] ::1 /index.php/Home/Problem/insertjudge.html
INFO: [ app_init ] --START--
INFO: Run Behavior\BuildLiteBehavior [ RunTime:0.000000s ]
INFO: [ app_init ] --END-- [ RunTime:0.000977s ]

[ 2016-04-06T23:21:53+08:00 ] ::1 /index.php/Home/Problem/insertjudge.html
INFO: [ app_init ] --START--
INFO: Run Behavior\BuildLiteBehavior [ RunTime:0.000000s ]
INFO: [ app_init ] --END-- [ RunTime:0.000976s ]

[ 2016-04-06T23:22:05+08:00 ] ::1 /index.php/Home/Problem/insertjudge.html
INFO: [ app_init ] --START--
INFO: Run Behavior\BuildLiteBehavior [ RunTime:0.000977s ]
INFO: [ app_init ] --END-- [ RunTime:0.000977s ]

[ 2016-04-06T23:22:29+08:00 ] ::1 /index.php/Home/Problem/insertjudge.html
INFO: [ app_init ] --START--
INFO: Run Behavior\BuildLiteBehavior [ RunTime:0.000000s ]
INFO: [ app_init ] --END-- [ RunTime:0.000977s ]

[ 2016-04-06T23:24:59+08:00 ] ::1 /index.php/Home/Problem/insertjudge.html
INFO: [ app_init ] --START--
INFO: Run Behavior\BuildLiteBehavior [ RunTime:0.000000s ]
INFO: [ app_init ] --END-- [ RunTime:0.000976s ]

[ 2016-04-06T23:25:17+08:00 ] ::1 /index.php/Home/Problem/insertjudge.html
INFO: [ app_init ] --START--
INFO: Run Behavior\BuildLiteBehavior [ RunTime:0.000000s ]
INFO: [ app_init ] --END-- [ RunTime:0.000977s ]

[ 2016-04-06T23:25:28+08:00 ] ::1 /index.php/Home/Problem/insertjudge.html
INFO: [ app_init ] --START--
INFO: Run Behavior\BuildLiteBehavior [ RunTime:0.000000s ]
INFO: [ app_init ] --END-- [ RunTime:0.001953s ]

[ 2016-04-06T23:27:53+08:00 ] ::1 /index.php/Home/Problem/insertjudge.html
INFO: [ app_init ] --START--
INFO: Run Behavior\BuildLiteBehavior [ RunTime:0.000000s ]
INFO: [ app_init ] --END-- [ RunTime:0.001953s ]

[ 2016-04-06T23:28:08+08:00 ] ::1 /index.php/Home/Problem/insertjudge.html
INFO: [ app_init ] --START--
INFO: Run Behavior\BuildLiteBehavior [ RunTime:0.000000s ]
INFO: [ app_init ] --END-- [ RunTime:0.000977s ]

[ 2016-04-06T23:28:18+08:00 ] ::1 /index.php/Home/Problem/insertjudge.html
INFO: [ app_init ] --START--
INFO: Run Behavior\BuildLiteBehavior [ RunTime:0.000000s ]
INFO: [ app_init ] --END-- [ RunTime:0.000976s ]

[ 2016-04-06T23:29:09+08:00 ] ::1 /index.php/Home/Problem/insertjudge.html
INFO: [ app_init ] --START--
INFO: Run Behavior\BuildLiteBehavior [ RunTime:0.000000s ]
INFO: [ app_init ] --END-- [ RunTime:0.000977s ]

[ 2016-04-06T23:29:55+08:00 ] ::1 /index.php/Home/Problem/insertjudge.html
INFO: [ app_init ] --START--
INFO: Run Behavior\BuildLiteBehavior [ RunTime:0.000000s ]
INFO: [ app_init ] --END-- [ RunTime:0.001953s ]

[ 2016-04-06T23:30:40+08:00 ] ::1 /index.php/Home/Problem/insertjudge.html
INFO: [ app_init ] --START--
INFO: Run Behavior\BuildLiteBehavior [ RunTime:0.000000s ]
INFO: [ app_init ] --END-- [ RunTime:0.000977s ]

[ 2016-04-06T23:32:22+08:00 ] ::1 /index.php/Home/Problem/insertjudge.html
INFO: [ app_init ] --START--
INFO: Run Behavior\BuildLiteBehavior [ RunTime:0.000000s ]
INFO: [ app_init ] --END-- [ RunTime:0.000977s ]

[ 2016-04-06T23:35:27+08:00 ] ::1 /index.php/Home/Problem/insertjudge.html
INFO: [ app_init ] --START--
INFO: Run Behavior\BuildLiteBehavior [ RunTime:0.000000s ]
INFO: [ app_init ] --END-- [ RunTime:0.001953s ]

[ 2016-04-06T23:36:26+08:00 ] ::1 /index.php/Home/Problem/insertjudge.html
INFO: [ app_init ] --START--
INFO: Run Behavior\BuildLiteBehavior [ RunTime:0.000000s ]
INFO: [ app_init ] --END-- [ RunTime:0.000976s ]

[ 2016-04-06T23:36:31+08:00 ] ::1 /index.php/Home/Problem/insertjudge.html
INFO: [ app_init ] --START--
INFO: Run Behavior\BuildLiteBehavior [ RunTime:0.000000s ]
INFO: [ app_init ] --END-- [ RunTime:0.000976s ]

[ 2016-04-06T23:36:41+08:00 ] ::1 /index.php/Home/Problem/insertjudge.html
INFO: [ app_init ] --START--
INFO: Run Behavior\BuildLiteBehavior [ RunTime:0.000000s ]
INFO: [ app_init ] --END-- [ RunTime:0.001953s ]

[ 2016-04-06T23:39:14+08:00 ] ::1 /index.php/Home/Problem/insertjudge.html
INFO: [ app_init ] --START--
INFO: Run Behavior\BuildLiteBehavior [ RunTime:0.000000s ]
INFO: [ app_init ] --END-- [ RunTime:0.000977s ]

[ 2016-04-06T23:39:24+08:00 ] ::1 /index.php/Home/Problem/insertjudge.html
INFO: [ app_init ] --START--
INFO: Run Behavior\BuildLiteBehavior [ RunTime:0.000000s ]
INFO: [ app_init ] --END-- [ RunTime:0.000976s ]

[ 2016-04-06T23:41:32+08:00 ] ::1 /index.php/Home/Problem/insertjudge.html
INFO: [ app_init ] --START--
INFO: Run Behavior\BuildLiteBehavior [ RunTime:0.000000s ]
INFO: [ app_init ] --END-- [ RunTime:0.000976s ]

[ 2016-04-06T23:41:51+08:00 ] ::1 /index.php/Home/Problem/insertjudge.html
INFO: [ app_init ] --START--
INFO: Run Behavior\BuildLiteBehavior [ RunTime:0.000000s ]
INFO: [ app_init ] --END-- [ RunTime:0.000000s ]

[ 2016-04-06T23:44:02+08:00 ] ::1 /index.php/Home/Problem/insertjudge.html
INFO: [ app_init ] --START--
INFO: Run Behavior\BuildLiteBehavior [ RunTime:0.000000s ]
INFO: [ app_init ] --END-- [ RunTime:0.000977s ]

[ 2016-04-06T23:44:24+08:00 ] ::1 /index.php/Home/Problem/insertjudge.html
INFO: [ app_init ] --START--
INFO: Run Behavior\BuildLiteBehavior [ RunTime:0.000000s ]
INFO: [ app_init ] --END-- [ RunTime:0.000977s ]

[ 2016-04-06T23:45:04+08:00 ] ::1 /index.php/Home/Problem/insertjudge.html
INFO: [ app_init ] --START--
INFO: Run Behavior\BuildLiteBehavior [ RunTime:0.000000s ]
INFO: [ app_init ] --END-- [ RunTime:0.000977s ]

[ 2016-04-06T23:45:14+08:00 ] ::1 /index.php/Home/Problem/insertjudge.html
INFO: [ app_init ] --START--
INFO: Run Behavior\BuildLiteBehavior [ RunTime:0.000000s ]
INFO: [ app_init ] --END-- [ RunTime:0.000976s ]

[ 2016-04-06T23:45:30+08:00 ] ::1 /index.php/Home/Problem/insertjudge.html
INFO: [ app_init ] --START--
INFO: Run Behavior\BuildLiteBehavior [ RunTime:0.000000s ]
INFO: [ app_init ] --END-- [ RunTime:0.000977s ]

[ 2016-04-06T23:45:37+08:00 ] ::1 /index.php/Home/Problem/insertjudge.html
INFO: [ app_init ] --START--
INFO: Run Behavior\BuildLiteBehavior [ RunTime:0.000000s ]
INFO: [ app_init ] --END-- [ RunTime:0.000976s ]

[ 2016-04-06T23:45:51+08:00 ] ::1 /index.php/Home/Problem/insertjudge.html
INFO: [ app_init ] --START--
INFO: Run Behavior\BuildLiteBehavior [ RunTime:0.000000s ]
INFO: [ app_init ] --END-- [ RunTime:0.000976s ]

[ 2016-04-06T23:46:29+08:00 ] ::1 /index.php/Home/Problem/insertjudge.html
INFO: [ app_init ] --START--
INFO: Run Behavior\BuildLiteBehavior [ RunTime:0.000000s ]
INFO: [ app_init ] --END-- [ RunTime:0.000000s ]

[ 2016-04-06T23:46:31+08:00 ] ::1 /index.php/Home/Problem/insertjudge.html
INFO: [ app_init ] --START--
INFO: Run Behavior\BuildLiteBehavior [ RunTime:0.000000s ]
INFO: [ app_init ] --END-- [ RunTime:0.000976s ]

[ 2016-04-06T23:46:34+08:00 ] ::1 /index.php/Home/Problem/insertjudge.html
INFO: [ app_init ] --START--
INFO: Run Behavior\BuildLiteBehavior [ RunTime:0.000000s ]
INFO: [ app_init ] --END-- [ RunTime:0.000976s ]

[ 2016-04-06T23:47:30+08:00 ] ::1 /index.php/Home/Problem/insertjudge.html
INFO: [ app_init ] --START--
INFO: Run Behavior\BuildLiteBehavior [ RunTime:0.000000s ]
INFO: [ app_init ] --END-- [ RunTime:0.000977s ]

[ 2016-04-06T23:48:13+08:00 ] ::1 /index.php/Home/Problem/insertjudge.html
INFO: [ app_init ] --START--
INFO: Run Behavior\BuildLiteBehavior [ RunTime:0.000000s ]
INFO: [ app_init ] --END-- [ RunTime:0.000976s ]

[ 2016-04-06T23:48:13+08:00 ] ::1 /index.php/Home/Status/status.html
INFO: [ app_init ] --START--
INFO: Run Behavior\BuildLiteBehavior [ RunTime:0.000000s ]
INFO: [ app_init ] --END-- [ RunTime:0.000977s ]

[ 2016-04-06T23:48:35+08:00 ] ::1 /index.php/Home/Problem/insertjudge.html
INFO: [ app_init ] --START--
INFO: Run Behavior\BuildLiteBehavior [ RunTime:0.000000s ]
INFO: [ app_init ] --END-- [ RunTime:0.000977s ]

[ 2016-04-06T23:48:35+08:00 ] ::1 /index.php/Home/Status/status.html
INFO: [ app_init ] --START--
INFO: Run Behavior\BuildLiteBehavior [ RunTime:0.000000s ]
INFO: [ app_init ] --END-- [ RunTime:0.000977s ]

[ 2016-04-06T23:48:38+08:00 ] ::1 /index.php/Home/Status/status/p/2.html
INFO: [ app_init ] --START--
INFO: Run Behavior\BuildLiteBehavior [ RunTime:0.000000s ]
INFO: [ app_init ] --END-- [ RunTime:0.000976s ]

[ 2016-04-06T23:48:39+08:00 ] ::1 /index.php/Home/Status/status/p/3.html
INFO: [ app_init ] --START--
INFO: Run Behavior\BuildLiteBehavior [ RunTime:0.000000s ]
INFO: [ app_init ] --END-- [ RunTime:0.000977s ]

[ 2016-04-06T23:48:40+08:00 ] ::1 /index.php/Home/Status/status/p/5.html
INFO: [ app_init ] --START--
INFO: Run Behavior\BuildLiteBehavior [ RunTime:0.000000s ]
INFO: [ app_init ] --END-- [ RunTime:0.000000s ]

[ 2016-04-06T23:48:40+08:00 ] ::1 /index.php/Home/Status/status/p/7.html
INFO: [ app_init ] --START--
INFO: Run Behavior\BuildLiteBehavior [ RunTime:0.000000s ]
INFO: [ app_init ] --END-- [ RunTime:0.000976s ]

[ 2016-04-06T23:48:43+08:00 ] ::1 /index.php/Home/Status/status/p/11.html
INFO: [ app_init ] --START--
INFO: Run Behavior\BuildLiteBehavior [ RunTime:0.000000s ]
INFO: [ app_init ] --END-- [ RunTime:0.000977s ]

[ 2016-04-06T23:48:44+08:00 ] ::1 /index.php/Home/Status/status/p/16.html
INFO: [ app_init ] --START--
INFO: Run Behavior\BuildLiteBehavior [ RunTime:0.000000s ]
INFO: [ app_init ] --END-- [ RunTime:0.000977s ]

[ 2016-04-06T23:48:46+08:00 ] ::1 /index.php/Home/Status/status/p/17.html
INFO: [ app_init ] --START--
INFO: Run Behavior\BuildLiteBehavior [ RunTime:0.000000s ]
INFO: [ app_init ] --END-- [ RunTime:0.000000s ]

[ 2016-04-06T23:48:46+08:00 ] ::1 /index.php/Home/Status/status/p/16.html
INFO: [ app_init ] --START--
INFO: Run Behavior\BuildLiteBehavior [ RunTime:0.000000s ]
INFO: [ app_init ] --END-- [ RunTime:0.001954s ]

[ 2016-04-06T23:48:47+08:00 ] ::1 /index.php/Home/Status/status/p/17.html
INFO: [ app_init ] --START--
INFO: Run Behavior\BuildLiteBehavior [ RunTime:0.000000s ]
INFO: [ app_init ] --END-- [ RunTime:0.000976s ]

[ 2016-04-06T23:49:40+08:00 ] ::1 /index.php/Home/Problem/insertjudge.html
INFO: [ app_init ] --START--
INFO: Run Behavior\BuildLiteBehavior [ RunTime:0.000000s ]
INFO: [ app_init ] --END-- [ RunTime:0.000977s ]

[ 2016-04-06T23:49:40+08:00 ] ::1 /index.php/Home/Status/status.html
INFO: [ app_init ] --START--
INFO: Run Behavior\BuildLiteBehavior [ RunTime:0.000000s ]
INFO: [ app_init ] --END-- [ RunTime:0.001953s ]

[ 2016-04-06T23:49:48+08:00 ] ::1 /index.php/Home/Problem/insertjudge.html
INFO: [ app_init ] --START--
INFO: Run Behavior\BuildLiteBehavior [ RunTime:0.000000s ]
INFO: [ app_init ] --END-- [ RunTime:0.000977s ]

[ 2016-04-06T23:49:48+08:00 ] ::1 /index.php/Home/Status/status.html
INFO: [ app_init ] --START--
INFO: Run Behavior\BuildLiteBehavior [ RunTime:0.000000s ]
INFO: [ app_init ] --END-- [ RunTime:0.000976s ]

[ 2016-04-06T23:49:55+08:00 ] ::1 /index.php/Home/Problem/insertjudge.html
INFO: [ app_init ] --START--
INFO: Run Behavior\BuildLiteBehavior [ RunTime:0.000000s ]
INFO: [ app_init ] --END-- [ RunTime:0.000976s ]

[ 2016-04-06T23:49:55+08:00 ] ::1 /index.php/Home/Status/status.html
INFO: [ app_init ] --START--
INFO: Run Behavior\BuildLiteBehavior [ RunTime:0.000000s ]
INFO: [ app_init ] --END-- [ RunTime:0.000977s ]

